[2025-10-13 19:28:24] production.ERROR: Cannot redeclare active_class() (previously declared in C:\Ussage\VS-Code-Projects\33-Project-Laravel\Silat-New\app\helpers.php:3) {"exception":"[object] (Symfony\\Component\\ErrorHandler\\Error\\FatalError(code: 0): Cannot redeclare active_class() (previously declared in C:\\Ussage\\VS-Code-Projects\\33-Project-Laravel\\Silat-New\\app\\helpers.php:3) at C:\\Ussage\\VS-Code-Projects\\33-Project-Laravel\\Silat-New\\app\\helpers.php:3)
[stacktrace]
#0 {main}
"} 
[2025-10-13 19:28:45] production.ERROR: No application encryption key has been specified. {"exception":"[object] (Illuminate\\Encryption\\MissingAppKeyException(code: 0): No application encryption key has been specified. at C:\\Ussage\\VS-Code-Projects\\33-Project-Laravel\\Silat-New\\vendor\\laravel\\framework\\src\\Illuminate\\Encryption\\EncryptionServiceProvider.php:79)
[stacktrace]
#0 C:\\Ussage\\VS-Code-Projects\\33-Project-Laravel\\Silat-New\\vendor\\laravel\\framework\\src\\Illuminate\\Support\\helpers.php(319): Illuminate\\Encryption\\EncryptionServiceProvider->Illuminate\\Encryption\\{closure}(NULL)
#1 C:\\Ussage\\VS-Code-Projects\\33-Project-Laravel\\Silat-New\\vendor\\laravel\\framework\\src\\Illuminate\\Encryption\\EncryptionServiceProvider.php(77): tap(NULL, Object(Closure))
#2 C:\\Ussage\\VS-Code-Projects\\33-Project-Laravel\\Silat-New\\vendor\\laravel\\framework\\src\\Illuminate\\Encryption\\EncryptionServiceProvider.php(60): Illuminate\\Encryption\\EncryptionServiceProvider->key(Array)
#3 C:\\Ussage\\VS-Code-Projects\\33-Project-Laravel\\Silat-New\\vendor\\laravel\\framework\\src\\Illuminate\\Encryption\\EncryptionServiceProvider.php(32): Illuminate\\Encryption\\EncryptionServiceProvider->parseKey(Array)
#4 C:\\Ussage\\VS-Code-Projects\\33-Project-Laravel\\Silat-New\\vendor\\laravel\\framework\\src\\Illuminate\\Container\\Container.php(885): Illuminate\\Encryption\\EncryptionServiceProvider->Illuminate\\Encryption\\{closure}(Object(Illuminate\\Foundation\\Application), Array)
#5 C:\\Ussage\\VS-Code-Projects\\33-Project-Laravel\\Silat-New\\vendor\\laravel\\framework\\src\\Illuminate\\Container\\Container.php(770): Illuminate\\Container\\Container->build(Object(Closure))
#6 C:\\Ussage\\VS-Code-Projects\\33-Project-Laravel\\Silat-New\\vendor\\laravel\\framework\\src\\Illuminate\\Foundation\\Application.php(881): Illuminate\\Container\\Container->resolve('encrypter', Array, true)
#7 C:\\Ussage\\VS-Code-Projects\\33-Project-Laravel\\Silat-New\\vendor\\laravel\\framework\\src\\Illuminate\\Container\\Container.php(706): Illuminate\\Foundation\\Application->resolve('encrypter', Array)
#8 C:\\Ussage\\VS-Code-Projects\\33-Project-Laravel\\Silat-New\\vendor\\laravel\\framework\\src\\Illuminate\\Foundation\\Application.php(866): Illuminate\\Container\\Container->make('encrypter', Array)
#9 C:\\Ussage\\VS-Code-Projects\\33-Project-Laravel\\Silat-New\\vendor\\laravel\\framework\\src\\Illuminate\\Container\\Container.php(1043): Illuminate\\Foundation\\Application->make('encrypter')
#10 C:\\Ussage\\VS-Code-Projects\\33-Project-Laravel\\Silat-New\\vendor\\laravel\\framework\\src\\Illuminate\\Container\\Container.php(959): Illuminate\\Container\\Container->resolveClass(Object(ReflectionParameter))
#11 C:\\Ussage\\VS-Code-Projects\\33-Project-Laravel\\Silat-New\\vendor\\laravel\\framework\\src\\Illuminate\\Container\\Container.php(920): Illuminate\\Container\\Container->resolveDependencies(Array)
#12 C:\\Ussage\\VS-Code-Projects\\33-Project-Laravel\\Silat-New\\vendor\\laravel\\framework\\src\\Illuminate\\Container\\Container.php(770): Illuminate\\Container\\Container->build('App\\\\Http\\\\Middle...')
#13 C:\\Ussage\\VS-Code-Projects\\33-Project-Laravel\\Silat-New\\vendor\\laravel\\framework\\src\\Illuminate\\Foundation\\Application.php(881): Illuminate\\Container\\Container->resolve('App\\\\Http\\\\Middle...', Array, true)
#14 C:\\Ussage\\VS-Code-Projects\\33-Project-Laravel\\Silat-New\\vendor\\laravel\\framework\\src\\Illuminate\\Container\\Container.php(706): Illuminate\\Foundation\\Application->resolve('App\\\\Http\\\\Middle...', Array)
#15 C:\\Ussage\\VS-Code-Projects\\33-Project-Laravel\\Silat-New\\vendor\\laravel\\framework\\src\\Illuminate\\Foundation\\Application.php(866): Illuminate\\Container\\Container->make('App\\\\Http\\\\Middle...', Array)
#16 C:\\Ussage\\VS-Code-Projects\\33-Project-Laravel\\Silat-New\\vendor\\laravel\\framework\\src\\Illuminate\\Pipeline\\Pipeline.php(169): Illuminate\\Foundation\\Application->make('App\\\\Http\\\\Middle...')
#17 C:\\Ussage\\VS-Code-Projects\\33-Project-Laravel\\Silat-New\\vendor\\laravel\\framework\\src\\Illuminate\\Pipeline\\Pipeline.php(116): Illuminate\\Pipeline\\Pipeline->Illuminate\\Pipeline\\{closure}(Object(Illuminate\\Http\\Request))
#18 C:\\Ussage\\VS-Code-Projects\\33-Project-Laravel\\Silat-New\\vendor\\laravel\\framework\\src\\Illuminate\\Routing\\Router.php(797): Illuminate\\Pipeline\\Pipeline->then(Object(Closure))
#19 C:\\Ussage\\VS-Code-Projects\\33-Project-Laravel\\Silat-New\\vendor\\laravel\\framework\\src\\Illuminate\\Routing\\Router.php(776): Illuminate\\Routing\\Router->runRouteWithinStack(Object(Illuminate\\Routing\\Route), Object(Illuminate\\Http\\Request))
#20 C:\\Ussage\\VS-Code-Projects\\33-Project-Laravel\\Silat-New\\vendor\\laravel\\framework\\src\\Illuminate\\Routing\\Router.php(740): Illuminate\\Routing\\Router->runRoute(Object(Illuminate\\Http\\Request), Object(Illuminate\\Routing\\Route))
#21 C:\\Ussage\\VS-Code-Projects\\33-Project-Laravel\\Silat-New\\vendor\\laravel\\framework\\src\\Illuminate\\Routing\\Router.php(729): Illuminate\\Routing\\Router->dispatchToRoute(Object(Illuminate\\Http\\Request))
#22 C:\\Ussage\\VS-Code-Projects\\33-Project-Laravel\\Silat-New\\vendor\\laravel\\framework\\src\\Illuminate\\Foundation\\Http\\Kernel.php(190): Illuminate\\Routing\\Router->dispatch(Object(Illuminate\\Http\\Request))
#23 C:\\Ussage\\VS-Code-Projects\\33-Project-Laravel\\Silat-New\\vendor\\laravel\\framework\\src\\Illuminate\\Pipeline\\Pipeline.php(141): Illuminate\\Foundation\\Http\\Kernel->Illuminate\\Foundation\\Http\\{closure}(Object(Illuminate\\Http\\Request))
#24 C:\\Ussage\\VS-Code-Projects\\33-Project-Laravel\\Silat-New\\vendor\\laravel\\framework\\src\\Illuminate\\Foundation\\Http\\Middleware\\TransformsRequest.php(21): Illuminate\\Pipeline\\Pipeline->Illuminate\\Pipeline\\{closure}(Object(Illuminate\\Http\\Request))
#25 C:\\Ussage\\VS-Code-Projects\\33-Project-Laravel\\Silat-New\\vendor\\laravel\\framework\\src\\Illuminate\\Foundation\\Http\\Middleware\\ConvertEmptyStringsToNull.php(31): Illuminate\\Foundation\\Http\\Middleware\\TransformsRequest->handle(Object(Illuminate\\Http\\Request), Object(Closure))
#26 C:\\Ussage\\VS-Code-Projects\\33-Project-Laravel\\Silat-New\\vendor\\laravel\\framework\\src\\Illuminate\\Pipeline\\Pipeline.php(180): Illuminate\\Foundation\\Http\\Middleware\\ConvertEmptyStringsToNull->handle(Object(Illuminate\\Http\\Request), Object(Closure))
#27 C:\\Ussage\\VS-Code-Projects\\33-Project-Laravel\\Silat-New\\vendor\\laravel\\framework\\src\\Illuminate\\Foundation\\Http\\Middleware\\TransformsRequest.php(21): Illuminate\\Pipeline\\Pipeline->Illuminate\\Pipeline\\{closure}(Object(Illuminate\\Http\\Request))
#28 C:\\Ussage\\VS-Code-Projects\\33-Project-Laravel\\Silat-New\\vendor\\laravel\\framework\\src\\Illuminate\\Foundation\\Http\\Middleware\\TrimStrings.php(40): Illuminate\\Foundation\\Http\\Middleware\\TransformsRequest->handle(Object(Illuminate\\Http\\Request), Object(Closure))
#29 C:\\Ussage\\VS-Code-Projects\\33-Project-Laravel\\Silat-New\\vendor\\laravel\\framework\\src\\Illuminate\\Pipeline\\Pipeline.php(180): Illuminate\\Foundation\\Http\\Middleware\\TrimStrings->handle(Object(Illuminate\\Http\\Request), Object(Closure))
#30 C:\\Ussage\\VS-Code-Projects\\33-Project-Laravel\\Silat-New\\vendor\\laravel\\framework\\src\\Illuminate\\Foundation\\Http\\Middleware\\ValidatePostSize.php(27): Illuminate\\Pipeline\\Pipeline->Illuminate\\Pipeline\\{closure}(Object(Illuminate\\Http\\Request))
#31 C:\\Ussage\\VS-Code-Projects\\33-Project-Laravel\\Silat-New\\vendor\\laravel\\framework\\src\\Illuminate\\Pipeline\\Pipeline.php(180): Illuminate\\Foundation\\Http\\Middleware\\ValidatePostSize->handle(Object(Illuminate\\Http\\Request), Object(Closure))
#32 C:\\Ussage\\VS-Code-Projects\\33-Project-Laravel\\Silat-New\\vendor\\laravel\\framework\\src\\Illuminate\\Foundation\\Http\\Middleware\\PreventRequestsDuringMaintenance.php(86): Illuminate\\Pipeline\\Pipeline->Illuminate\\Pipeline\\{closure}(Object(Illuminate\\Http\\Request))
#33 C:\\Ussage\\VS-Code-Projects\\33-Project-Laravel\\Silat-New\\vendor\\laravel\\framework\\src\\Illuminate\\Pipeline\\Pipeline.php(180): Illuminate\\Foundation\\Http\\Middleware\\PreventRequestsDuringMaintenance->handle(Object(Illuminate\\Http\\Request), Object(Closure))
#34 C:\\Ussage\\VS-Code-Projects\\33-Project-Laravel\\Silat-New\\vendor\\laravel\\framework\\src\\Illuminate\\Http\\Middleware\\TrustProxies.php(39): Illuminate\\Pipeline\\Pipeline->Illuminate\\Pipeline\\{closure}(Object(Illuminate\\Http\\Request))
#35 C:\\Ussage\\VS-Code-Projects\\33-Project-Laravel\\Silat-New\\vendor\\laravel\\framework\\src\\Illuminate\\Pipeline\\Pipeline.php(180): Illuminate\\Http\\Middleware\\TrustProxies->handle(Object(Illuminate\\Http\\Request), Object(Closure))
#36 C:\\Ussage\\VS-Code-Projects\\33-Project-Laravel\\Silat-New\\vendor\\laravel\\framework\\src\\Illuminate\\Pipeline\\Pipeline.php(116): Illuminate\\Pipeline\\Pipeline->Illuminate\\Pipeline\\{closure}(Object(Illuminate\\Http\\Request))
#37 C:\\Ussage\\VS-Code-Projects\\33-Project-Laravel\\Silat-New\\vendor\\laravel\\framework\\src\\Illuminate\\Foundation\\Http\\Kernel.php(165): Illuminate\\Pipeline\\Pipeline->then(Object(Closure))
#38 C:\\Ussage\\VS-Code-Projects\\33-Project-Laravel\\Silat-New\\vendor\\laravel\\framework\\src\\Illuminate\\Foundation\\Http\\Kernel.php(134): Illuminate\\Foundation\\Http\\Kernel->sendRequestThroughRouter(Object(Illuminate\\Http\\Request))
#39 C:\\Ussage\\VS-Code-Projects\\33-Project-Laravel\\Silat-New\\public\\index.php(54): Illuminate\\Foundation\\Http\\Kernel->handle(Object(Illuminate\\Http\\Request))
#40 C:\\Ussage\\VS-Code-Projects\\33-Project-Laravel\\Silat-New\\server.php(21): require_once('C:\\\\Ussage\\\\VS-Co...')
#41 {main}
"} 
[2025-10-13 19:28:46] production.ERROR: No application encryption key has been specified. {"exception":"[object] (Illuminate\\Encryption\\MissingAppKeyException(code: 0): No application encryption key has been specified. at C:\\Ussage\\VS-Code-Projects\\33-Project-Laravel\\Silat-New\\vendor\\laravel\\framework\\src\\Illuminate\\Encryption\\EncryptionServiceProvider.php:79)
[stacktrace]
#0 C:\\Ussage\\VS-Code-Projects\\33-Project-Laravel\\Silat-New\\vendor\\laravel\\framework\\src\\Illuminate\\Support\\helpers.php(319): Illuminate\\Encryption\\EncryptionServiceProvider->Illuminate\\Encryption\\{closure}(NULL)
#1 C:\\Ussage\\VS-Code-Projects\\33-Project-Laravel\\Silat-New\\vendor\\laravel\\framework\\src\\Illuminate\\Encryption\\EncryptionServiceProvider.php(77): tap(NULL, Object(Closure))
#2 C:\\Ussage\\VS-Code-Projects\\33-Project-Laravel\\Silat-New\\vendor\\laravel\\framework\\src\\Illuminate\\Encryption\\EncryptionServiceProvider.php(60): Illuminate\\Encryption\\EncryptionServiceProvider->key(Array)
#3 C:\\Ussage\\VS-Code-Projects\\33-Project-Laravel\\Silat-New\\vendor\\laravel\\framework\\src\\Illuminate\\Encryption\\EncryptionServiceProvider.php(32): Illuminate\\Encryption\\EncryptionServiceProvider->parseKey(Array)
#4 C:\\Ussage\\VS-Code-Projects\\33-Project-Laravel\\Silat-New\\vendor\\laravel\\framework\\src\\Illuminate\\Container\\Container.php(885): Illuminate\\Encryption\\EncryptionServiceProvider->Illuminate\\Encryption\\{closure}(Object(Illuminate\\Foundation\\Application), Array)
#5 C:\\Ussage\\VS-Code-Projects\\33-Project-Laravel\\Silat-New\\vendor\\laravel\\framework\\src\\Illuminate\\Container\\Container.php(770): Illuminate\\Container\\Container->build(Object(Closure))
#6 C:\\Ussage\\VS-Code-Projects\\33-Project-Laravel\\Silat-New\\vendor\\laravel\\framework\\src\\Illuminate\\Foundation\\Application.php(881): Illuminate\\Container\\Container->resolve('encrypter', Array, true)
#7 C:\\Ussage\\VS-Code-Projects\\33-Project-Laravel\\Silat-New\\vendor\\laravel\\framework\\src\\Illuminate\\Container\\Container.php(706): Illuminate\\Foundation\\Application->resolve('encrypter', Array)
#8 C:\\Ussage\\VS-Code-Projects\\33-Project-Laravel\\Silat-New\\vendor\\laravel\\framework\\src\\Illuminate\\Foundation\\Application.php(866): Illuminate\\Container\\Container->make('encrypter', Array)
#9 C:\\Ussage\\VS-Code-Projects\\33-Project-Laravel\\Silat-New\\vendor\\laravel\\framework\\src\\Illuminate\\Container\\Container.php(1043): Illuminate\\Foundation\\Application->make('encrypter')
#10 C:\\Ussage\\VS-Code-Projects\\33-Project-Laravel\\Silat-New\\vendor\\laravel\\framework\\src\\Illuminate\\Container\\Container.php(959): Illuminate\\Container\\Container->resolveClass(Object(ReflectionParameter))
#11 C:\\Ussage\\VS-Code-Projects\\33-Project-Laravel\\Silat-New\\vendor\\laravel\\framework\\src\\Illuminate\\Container\\Container.php(920): Illuminate\\Container\\Container->resolveDependencies(Array)
#12 C:\\Ussage\\VS-Code-Projects\\33-Project-Laravel\\Silat-New\\vendor\\laravel\\framework\\src\\Illuminate\\Container\\Container.php(770): Illuminate\\Container\\Container->build('App\\\\Http\\\\Middle...')
#13 C:\\Ussage\\VS-Code-Projects\\33-Project-Laravel\\Silat-New\\vendor\\laravel\\framework\\src\\Illuminate\\Foundation\\Application.php(881): Illuminate\\Container\\Container->resolve('App\\\\Http\\\\Middle...', Array, true)
#14 C:\\Ussage\\VS-Code-Projects\\33-Project-Laravel\\Silat-New\\vendor\\laravel\\framework\\src\\Illuminate\\Container\\Container.php(706): Illuminate\\Foundation\\Application->resolve('App\\\\Http\\\\Middle...', Array)
#15 C:\\Ussage\\VS-Code-Projects\\33-Project-Laravel\\Silat-New\\vendor\\laravel\\framework\\src\\Illuminate\\Foundation\\Application.php(866): Illuminate\\Container\\Container->make('App\\\\Http\\\\Middle...', Array)
#16 C:\\Ussage\\VS-Code-Projects\\33-Project-Laravel\\Silat-New\\vendor\\laravel\\framework\\src\\Illuminate\\Foundation\\Http\\Kernel.php(239): Illuminate\\Foundation\\Application->make('App\\\\Http\\\\Middle...')
#17 C:\\Ussage\\VS-Code-Projects\\33-Project-Laravel\\Silat-New\\vendor\\laravel\\framework\\src\\Illuminate\\Foundation\\Http\\Kernel.php(203): Illuminate\\Foundation\\Http\\Kernel->terminateMiddleware(Object(Illuminate\\Http\\Request), Object(Illuminate\\Http\\Response))
#18 C:\\Ussage\\VS-Code-Projects\\33-Project-Laravel\\Silat-New\\public\\index.php(60): Illuminate\\Foundation\\Http\\Kernel->terminate(Object(Illuminate\\Http\\Request), Object(Illuminate\\Http\\Response))
#19 C:\\Ussage\\VS-Code-Projects\\33-Project-Laravel\\Silat-New\\server.php(21): require_once('C:\\\\Ussage\\\\VS-Co...')
#20 {main}
"} 
[2025-10-13 19:28:46] production.ERROR: No application encryption key has been specified. {"exception":"[object] (Illuminate\\Encryption\\MissingAppKeyException(code: 0): No application encryption key has been specified. at C:\\Ussage\\VS-Code-Projects\\33-Project-Laravel\\Silat-New\\vendor\\laravel\\framework\\src\\Illuminate\\Encryption\\EncryptionServiceProvider.php:79)
[stacktrace]
#0 C:\\Ussage\\VS-Code-Projects\\33-Project-Laravel\\Silat-New\\vendor\\laravel\\framework\\src\\Illuminate\\Support\\helpers.php(319): Illuminate\\Encryption\\EncryptionServiceProvider->Illuminate\\Encryption\\{closure}(NULL)
#1 C:\\Ussage\\VS-Code-Projects\\33-Project-Laravel\\Silat-New\\vendor\\laravel\\framework\\src\\Illuminate\\Encryption\\EncryptionServiceProvider.php(77): tap(NULL, Object(Closure))
#2 C:\\Ussage\\VS-Code-Projects\\33-Project-Laravel\\Silat-New\\vendor\\laravel\\framework\\src\\Illuminate\\Encryption\\EncryptionServiceProvider.php(60): Illuminate\\Encryption\\EncryptionServiceProvider->key(Array)
#3 C:\\Ussage\\VS-Code-Projects\\33-Project-Laravel\\Silat-New\\vendor\\laravel\\framework\\src\\Illuminate\\Encryption\\EncryptionServiceProvider.php(32): Illuminate\\Encryption\\EncryptionServiceProvider->parseKey(Array)
#4 C:\\Ussage\\VS-Code-Projects\\33-Project-Laravel\\Silat-New\\vendor\\laravel\\framework\\src\\Illuminate\\Container\\Container.php(885): Illuminate\\Encryption\\EncryptionServiceProvider->Illuminate\\Encryption\\{closure}(Object(Illuminate\\Foundation\\Application), Array)
#5 C:\\Ussage\\VS-Code-Projects\\33-Project-Laravel\\Silat-New\\vendor\\laravel\\framework\\src\\Illuminate\\Container\\Container.php(770): Illuminate\\Container\\Container->build(Object(Closure))
#6 C:\\Ussage\\VS-Code-Projects\\33-Project-Laravel\\Silat-New\\vendor\\laravel\\framework\\src\\Illuminate\\Foundation\\Application.php(881): Illuminate\\Container\\Container->resolve('encrypter', Array, true)
#7 C:\\Ussage\\VS-Code-Projects\\33-Project-Laravel\\Silat-New\\vendor\\laravel\\framework\\src\\Illuminate\\Container\\Container.php(706): Illuminate\\Foundation\\Application->resolve('encrypter', Array)
#8 C:\\Ussage\\VS-Code-Projects\\33-Project-Laravel\\Silat-New\\vendor\\laravel\\framework\\src\\Illuminate\\Foundation\\Application.php(866): Illuminate\\Container\\Container->make('encrypter', Array)
#9 C:\\Ussage\\VS-Code-Projects\\33-Project-Laravel\\Silat-New\\vendor\\laravel\\framework\\src\\Illuminate\\Container\\Container.php(1043): Illuminate\\Foundation\\Application->make('encrypter')
#10 C:\\Ussage\\VS-Code-Projects\\33-Project-Laravel\\Silat-New\\vendor\\laravel\\framework\\src\\Illuminate\\Container\\Container.php(959): Illuminate\\Container\\Container->resolveClass(Object(ReflectionParameter))
#11 C:\\Ussage\\VS-Code-Projects\\33-Project-Laravel\\Silat-New\\vendor\\laravel\\framework\\src\\Illuminate\\Container\\Container.php(920): Illuminate\\Container\\Container->resolveDependencies(Array)
#12 C:\\Ussage\\VS-Code-Projects\\33-Project-Laravel\\Silat-New\\vendor\\laravel\\framework\\src\\Illuminate\\Container\\Container.php(770): Illuminate\\Container\\Container->build('App\\\\Http\\\\Middle...')
#13 C:\\Ussage\\VS-Code-Projects\\33-Project-Laravel\\Silat-New\\vendor\\laravel\\framework\\src\\Illuminate\\Foundation\\Application.php(881): Illuminate\\Container\\Container->resolve('App\\\\Http\\\\Middle...', Array, true)
#14 C:\\Ussage\\VS-Code-Projects\\33-Project-Laravel\\Silat-New\\vendor\\laravel\\framework\\src\\Illuminate\\Container\\Container.php(706): Illuminate\\Foundation\\Application->resolve('App\\\\Http\\\\Middle...', Array)
#15 C:\\Ussage\\VS-Code-Projects\\33-Project-Laravel\\Silat-New\\vendor\\laravel\\framework\\src\\Illuminate\\Foundation\\Application.php(866): Illuminate\\Container\\Container->make('App\\\\Http\\\\Middle...', Array)
#16 C:\\Ussage\\VS-Code-Projects\\33-Project-Laravel\\Silat-New\\vendor\\laravel\\framework\\src\\Illuminate\\Pipeline\\Pipeline.php(169): Illuminate\\Foundation\\Application->make('App\\\\Http\\\\Middle...')
#17 C:\\Ussage\\VS-Code-Projects\\33-Project-Laravel\\Silat-New\\vendor\\laravel\\framework\\src\\Illuminate\\Pipeline\\Pipeline.php(116): Illuminate\\Pipeline\\Pipeline->Illuminate\\Pipeline\\{closure}(Object(Illuminate\\Http\\Request))
#18 C:\\Ussage\\VS-Code-Projects\\33-Project-Laravel\\Silat-New\\vendor\\laravel\\framework\\src\\Illuminate\\Routing\\Router.php(797): Illuminate\\Pipeline\\Pipeline->then(Object(Closure))
#19 C:\\Ussage\\VS-Code-Projects\\33-Project-Laravel\\Silat-New\\vendor\\laravel\\framework\\src\\Illuminate\\Routing\\Router.php(776): Illuminate\\Routing\\Router->runRouteWithinStack(Object(Illuminate\\Routing\\Route), Object(Illuminate\\Http\\Request))
#20 C:\\Ussage\\VS-Code-Projects\\33-Project-Laravel\\Silat-New\\vendor\\laravel\\framework\\src\\Illuminate\\Routing\\Router.php(740): Illuminate\\Routing\\Router->runRoute(Object(Illuminate\\Http\\Request), Object(Illuminate\\Routing\\Route))
#21 C:\\Ussage\\VS-Code-Projects\\33-Project-Laravel\\Silat-New\\vendor\\laravel\\framework\\src\\Illuminate\\Routing\\Router.php(729): Illuminate\\Routing\\Router->dispatchToRoute(Object(Illuminate\\Http\\Request))
#22 C:\\Ussage\\VS-Code-Projects\\33-Project-Laravel\\Silat-New\\vendor\\laravel\\framework\\src\\Illuminate\\Foundation\\Http\\Kernel.php(190): Illuminate\\Routing\\Router->dispatch(Object(Illuminate\\Http\\Request))
#23 C:\\Ussage\\VS-Code-Projects\\33-Project-Laravel\\Silat-New\\vendor\\laravel\\framework\\src\\Illuminate\\Pipeline\\Pipeline.php(141): Illuminate\\Foundation\\Http\\Kernel->Illuminate\\Foundation\\Http\\{closure}(Object(Illuminate\\Http\\Request))
#24 C:\\Ussage\\VS-Code-Projects\\33-Project-Laravel\\Silat-New\\vendor\\laravel\\framework\\src\\Illuminate\\Foundation\\Http\\Middleware\\TransformsRequest.php(21): Illuminate\\Pipeline\\Pipeline->Illuminate\\Pipeline\\{closure}(Object(Illuminate\\Http\\Request))
#25 C:\\Ussage\\VS-Code-Projects\\33-Project-Laravel\\Silat-New\\vendor\\laravel\\framework\\src\\Illuminate\\Foundation\\Http\\Middleware\\ConvertEmptyStringsToNull.php(31): Illuminate\\Foundation\\Http\\Middleware\\TransformsRequest->handle(Object(Illuminate\\Http\\Request), Object(Closure))
#26 C:\\Ussage\\VS-Code-Projects\\33-Project-Laravel\\Silat-New\\vendor\\laravel\\framework\\src\\Illuminate\\Pipeline\\Pipeline.php(180): Illuminate\\Foundation\\Http\\Middleware\\ConvertEmptyStringsToNull->handle(Object(Illuminate\\Http\\Request), Object(Closure))
#27 C:\\Ussage\\VS-Code-Projects\\33-Project-Laravel\\Silat-New\\vendor\\laravel\\framework\\src\\Illuminate\\Foundation\\Http\\Middleware\\TransformsRequest.php(21): Illuminate\\Pipeline\\Pipeline->Illuminate\\Pipeline\\{closure}(Object(Illuminate\\Http\\Request))
#28 C:\\Ussage\\VS-Code-Projects\\33-Project-Laravel\\Silat-New\\vendor\\laravel\\framework\\src\\Illuminate\\Foundation\\Http\\Middleware\\TrimStrings.php(40): Illuminate\\Foundation\\Http\\Middleware\\TransformsRequest->handle(Object(Illuminate\\Http\\Request), Object(Closure))
#29 C:\\Ussage\\VS-Code-Projects\\33-Project-Laravel\\Silat-New\\vendor\\laravel\\framework\\src\\Illuminate\\Pipeline\\Pipeline.php(180): Illuminate\\Foundation\\Http\\Middleware\\TrimStrings->handle(Object(Illuminate\\Http\\Request), Object(Closure))
#30 C:\\Ussage\\VS-Code-Projects\\33-Project-Laravel\\Silat-New\\vendor\\laravel\\framework\\src\\Illuminate\\Foundation\\Http\\Middleware\\ValidatePostSize.php(27): Illuminate\\Pipeline\\Pipeline->Illuminate\\Pipeline\\{closure}(Object(Illuminate\\Http\\Request))
#31 C:\\Ussage\\VS-Code-Projects\\33-Project-Laravel\\Silat-New\\vendor\\laravel\\framework\\src\\Illuminate\\Pipeline\\Pipeline.php(180): Illuminate\\Foundation\\Http\\Middleware\\ValidatePostSize->handle(Object(Illuminate\\Http\\Request), Object(Closure))
#32 C:\\Ussage\\VS-Code-Projects\\33-Project-Laravel\\Silat-New\\vendor\\laravel\\framework\\src\\Illuminate\\Foundation\\Http\\Middleware\\PreventRequestsDuringMaintenance.php(86): Illuminate\\Pipeline\\Pipeline->Illuminate\\Pipeline\\{closure}(Object(Illuminate\\Http\\Request))
#33 C:\\Ussage\\VS-Code-Projects\\33-Project-Laravel\\Silat-New\\vendor\\laravel\\framework\\src\\Illuminate\\Pipeline\\Pipeline.php(180): Illuminate\\Foundation\\Http\\Middleware\\PreventRequestsDuringMaintenance->handle(Object(Illuminate\\Http\\Request), Object(Closure))
#34 C:\\Ussage\\VS-Code-Projects\\33-Project-Laravel\\Silat-New\\vendor\\laravel\\framework\\src\\Illuminate\\Http\\Middleware\\TrustProxies.php(39): Illuminate\\Pipeline\\Pipeline->Illuminate\\Pipeline\\{closure}(Object(Illuminate\\Http\\Request))
#35 C:\\Ussage\\VS-Code-Projects\\33-Project-Laravel\\Silat-New\\vendor\\laravel\\framework\\src\\Illuminate\\Pipeline\\Pipeline.php(180): Illuminate\\Http\\Middleware\\TrustProxies->handle(Object(Illuminate\\Http\\Request), Object(Closure))
#36 C:\\Ussage\\VS-Code-Projects\\33-Project-Laravel\\Silat-New\\vendor\\laravel\\framework\\src\\Illuminate\\Pipeline\\Pipeline.php(116): Illuminate\\Pipeline\\Pipeline->Illuminate\\Pipeline\\{closure}(Object(Illuminate\\Http\\Request))
#37 C:\\Ussage\\VS-Code-Projects\\33-Project-Laravel\\Silat-New\\vendor\\laravel\\framework\\src\\Illuminate\\Foundation\\Http\\Kernel.php(165): Illuminate\\Pipeline\\Pipeline->then(Object(Closure))
#38 C:\\Ussage\\VS-Code-Projects\\33-Project-Laravel\\Silat-New\\vendor\\laravel\\framework\\src\\Illuminate\\Foundation\\Http\\Kernel.php(134): Illuminate\\Foundation\\Http\\Kernel->sendRequestThroughRouter(Object(Illuminate\\Http\\Request))
#39 C:\\Ussage\\VS-Code-Projects\\33-Project-Laravel\\Silat-New\\public\\index.php(54): Illuminate\\Foundation\\Http\\Kernel->handle(Object(Illuminate\\Http\\Request))
#40 C:\\Ussage\\VS-Code-Projects\\33-Project-Laravel\\Silat-New\\server.php(21): require_once('C:\\\\Ussage\\\\VS-Co...')
#41 {main}
"} 
[2025-10-13 19:28:47] production.ERROR: No application encryption key has been specified. {"exception":"[object] (Illuminate\\Encryption\\MissingAppKeyException(code: 0): No application encryption key has been specified. at C:\\Ussage\\VS-Code-Projects\\33-Project-Laravel\\Silat-New\\vendor\\laravel\\framework\\src\\Illuminate\\Encryption\\EncryptionServiceProvider.php:79)
[stacktrace]
#0 C:\\Ussage\\VS-Code-Projects\\33-Project-Laravel\\Silat-New\\vendor\\laravel\\framework\\src\\Illuminate\\Support\\helpers.php(319): Illuminate\\Encryption\\EncryptionServiceProvider->Illuminate\\Encryption\\{closure}(NULL)
#1 C:\\Ussage\\VS-Code-Projects\\33-Project-Laravel\\Silat-New\\vendor\\laravel\\framework\\src\\Illuminate\\Encryption\\EncryptionServiceProvider.php(77): tap(NULL, Object(Closure))
#2 C:\\Ussage\\VS-Code-Projects\\33-Project-Laravel\\Silat-New\\vendor\\laravel\\framework\\src\\Illuminate\\Encryption\\EncryptionServiceProvider.php(60): Illuminate\\Encryption\\EncryptionServiceProvider->key(Array)
#3 C:\\Ussage\\VS-Code-Projects\\33-Project-Laravel\\Silat-New\\vendor\\laravel\\framework\\src\\Illuminate\\Encryption\\EncryptionServiceProvider.php(32): Illuminate\\Encryption\\EncryptionServiceProvider->parseKey(Array)
#4 C:\\Ussage\\VS-Code-Projects\\33-Project-Laravel\\Silat-New\\vendor\\laravel\\framework\\src\\Illuminate\\Container\\Container.php(885): Illuminate\\Encryption\\EncryptionServiceProvider->Illuminate\\Encryption\\{closure}(Object(Illuminate\\Foundation\\Application), Array)
#5 C:\\Ussage\\VS-Code-Projects\\33-Project-Laravel\\Silat-New\\vendor\\laravel\\framework\\src\\Illuminate\\Container\\Container.php(770): Illuminate\\Container\\Container->build(Object(Closure))
#6 C:\\Ussage\\VS-Code-Projects\\33-Project-Laravel\\Silat-New\\vendor\\laravel\\framework\\src\\Illuminate\\Foundation\\Application.php(881): Illuminate\\Container\\Container->resolve('encrypter', Array, true)
#7 C:\\Ussage\\VS-Code-Projects\\33-Project-Laravel\\Silat-New\\vendor\\laravel\\framework\\src\\Illuminate\\Container\\Container.php(706): Illuminate\\Foundation\\Application->resolve('encrypter', Array)
#8 C:\\Ussage\\VS-Code-Projects\\33-Project-Laravel\\Silat-New\\vendor\\laravel\\framework\\src\\Illuminate\\Foundation\\Application.php(866): Illuminate\\Container\\Container->make('encrypter', Array)
#9 C:\\Ussage\\VS-Code-Projects\\33-Project-Laravel\\Silat-New\\vendor\\laravel\\framework\\src\\Illuminate\\Container\\Container.php(1043): Illuminate\\Foundation\\Application->make('encrypter')
#10 C:\\Ussage\\VS-Code-Projects\\33-Project-Laravel\\Silat-New\\vendor\\laravel\\framework\\src\\Illuminate\\Container\\Container.php(959): Illuminate\\Container\\Container->resolveClass(Object(ReflectionParameter))
#11 C:\\Ussage\\VS-Code-Projects\\33-Project-Laravel\\Silat-New\\vendor\\laravel\\framework\\src\\Illuminate\\Container\\Container.php(920): Illuminate\\Container\\Container->resolveDependencies(Array)
#12 C:\\Ussage\\VS-Code-Projects\\33-Project-Laravel\\Silat-New\\vendor\\laravel\\framework\\src\\Illuminate\\Container\\Container.php(770): Illuminate\\Container\\Container->build('App\\\\Http\\\\Middle...')
#13 C:\\Ussage\\VS-Code-Projects\\33-Project-Laravel\\Silat-New\\vendor\\laravel\\framework\\src\\Illuminate\\Foundation\\Application.php(881): Illuminate\\Container\\Container->resolve('App\\\\Http\\\\Middle...', Array, true)
#14 C:\\Ussage\\VS-Code-Projects\\33-Project-Laravel\\Silat-New\\vendor\\laravel\\framework\\src\\Illuminate\\Container\\Container.php(706): Illuminate\\Foundation\\Application->resolve('App\\\\Http\\\\Middle...', Array)
#15 C:\\Ussage\\VS-Code-Projects\\33-Project-Laravel\\Silat-New\\vendor\\laravel\\framework\\src\\Illuminate\\Foundation\\Application.php(866): Illuminate\\Container\\Container->make('App\\\\Http\\\\Middle...', Array)
#16 C:\\Ussage\\VS-Code-Projects\\33-Project-Laravel\\Silat-New\\vendor\\laravel\\framework\\src\\Illuminate\\Foundation\\Http\\Kernel.php(239): Illuminate\\Foundation\\Application->make('App\\\\Http\\\\Middle...')
#17 C:\\Ussage\\VS-Code-Projects\\33-Project-Laravel\\Silat-New\\vendor\\laravel\\framework\\src\\Illuminate\\Foundation\\Http\\Kernel.php(203): Illuminate\\Foundation\\Http\\Kernel->terminateMiddleware(Object(Illuminate\\Http\\Request), Object(Illuminate\\Http\\Response))
#18 C:\\Ussage\\VS-Code-Projects\\33-Project-Laravel\\Silat-New\\public\\index.php(60): Illuminate\\Foundation\\Http\\Kernel->terminate(Object(Illuminate\\Http\\Request), Object(Illuminate\\Http\\Response))
#19 C:\\Ussage\\VS-Code-Projects\\33-Project-Laravel\\Silat-New\\server.php(21): require_once('C:\\\\Ussage\\\\VS-Co...')
#20 {main}
"} 
[2025-10-13 19:29:22] local.ERROR: Cannot redeclare active_class() (previously declared in C:\Ussage\VS-Code-Projects\33-Project-Laravel\Silat-New\app\helpers.php:3) {"exception":"[object] (Symfony\\Component\\ErrorHandler\\Error\\FatalError(code: 0): Cannot redeclare active_class() (previously declared in C:\\Ussage\\VS-Code-Projects\\33-Project-Laravel\\Silat-New\\app\\helpers.php:3) at C:\\Ussage\\VS-Code-Projects\\33-Project-Laravel\\Silat-New\\app\\helpers.php:3)
[stacktrace]
#0 {main}
"} 
[2025-10-13 19:29:54] local.ERROR: Pusher error: cURL error 7: Failed to connect to 127.0.0.1 port 6001 after 2025 ms: Couldn't connect to server (see https://curl.haxx.se/libcurl/c/libcurl-errors.html) for http://127.0.0.1:6001/apps/231/events?auth_key=3oLtjog7IJ5j4tMZJbf6naFP8Aq4KBjl0y97C2BqHnA%3D&auth_timestamp=1760358592&auth_version=1.0&body_md5=3cead860f14f844d1841a8ebc968beb0&auth_signature=ee3cc829eed8d9e554da6447670475025ec403203258bcdc830d4f0f533ffc51. {"userId":1,"exception":"[object] (Illuminate\\Broadcasting\\BroadcastException(code: 0): Pusher error: cURL error 7: Failed to connect to 127.0.0.1 port 6001 after 2025 ms: Couldn't connect to server (see https://curl.haxx.se/libcurl/c/libcurl-errors.html) for http://127.0.0.1:6001/apps/231/events?auth_key=3oLtjog7IJ5j4tMZJbf6naFP8Aq4KBjl0y97C2BqHnA%3D&auth_timestamp=1760358592&auth_version=1.0&body_md5=3cead860f14f844d1841a8ebc968beb0&auth_signature=ee3cc829eed8d9e554da6447670475025ec403203258bcdc830d4f0f533ffc51. at C:\\Ussage\\VS-Code-Projects\\33-Project-Laravel\\Silat-New\\vendor\\laravel\\framework\\src\\Illuminate\\Broadcasting\\Broadcasters\\PusherBroadcaster.php:164)
[stacktrace]
#0 C:\\Ussage\\VS-Code-Projects\\33-Project-Laravel\\Silat-New\\vendor\\laravel\\framework\\src\\Illuminate\\Broadcasting\\BroadcastEvent.php(84): Illuminate\\Broadcasting\\Broadcasters\\PusherBroadcaster->broadcast(Object(Illuminate\\Support\\Collection), 'App\\\\Events\\\\Veri...', Array)
#1 C:\\Ussage\\VS-Code-Projects\\33-Project-Laravel\\Silat-New\\vendor\\laravel\\framework\\src\\Illuminate\\Container\\BoundMethod.php(36): Illuminate\\Broadcasting\\BroadcastEvent->handle(Object(Illuminate\\Broadcasting\\BroadcastManager))
#2 C:\\Ussage\\VS-Code-Projects\\33-Project-Laravel\\Silat-New\\vendor\\laravel\\framework\\src\\Illuminate\\Container\\Util.php(41): Illuminate\\Container\\BoundMethod::Illuminate\\Container\\{closure}()
#3 C:\\Ussage\\VS-Code-Projects\\33-Project-Laravel\\Silat-New\\vendor\\laravel\\framework\\src\\Illuminate\\Container\\BoundMethod.php(93): Illuminate\\Container\\Util::unwrapIfClosure(Object(Closure))
#4 C:\\Ussage\\VS-Code-Projects\\33-Project-Laravel\\Silat-New\\vendor\\laravel\\framework\\src\\Illuminate\\Container\\BoundMethod.php(35): Illuminate\\Container\\BoundMethod::callBoundMethod(Object(Illuminate\\Foundation\\Application), Array, Object(Closure))
#5 C:\\Ussage\\VS-Code-Projects\\33-Project-Laravel\\Silat-New\\vendor\\laravel\\framework\\src\\Illuminate\\Container\\Container.php(661): Illuminate\\Container\\BoundMethod::call(Object(Illuminate\\Foundation\\Application), Array, Array, NULL)
#6 C:\\Ussage\\VS-Code-Projects\\33-Project-Laravel\\Silat-New\\vendor\\laravel\\framework\\src\\Illuminate\\Bus\\Dispatcher.php(128): Illuminate\\Container\\Container->call(Array)
#7 C:\\Ussage\\VS-Code-Projects\\33-Project-Laravel\\Silat-New\\vendor\\laravel\\framework\\src\\Illuminate\\Pipeline\\Pipeline.php(141): Illuminate\\Bus\\Dispatcher->Illuminate\\Bus\\{closure}(Object(Illuminate\\Broadcasting\\BroadcastEvent))
#8 C:\\Ussage\\VS-Code-Projects\\33-Project-Laravel\\Silat-New\\vendor\\laravel\\framework\\src\\Illuminate\\Pipeline\\Pipeline.php(116): Illuminate\\Pipeline\\Pipeline->Illuminate\\Pipeline\\{closure}(Object(Illuminate\\Broadcasting\\BroadcastEvent))
#9 C:\\Ussage\\VS-Code-Projects\\33-Project-Laravel\\Silat-New\\vendor\\laravel\\framework\\src\\Illuminate\\Bus\\Dispatcher.php(132): Illuminate\\Pipeline\\Pipeline->then(Object(Closure))
#10 C:\\Ussage\\VS-Code-Projects\\33-Project-Laravel\\Silat-New\\vendor\\laravel\\framework\\src\\Illuminate\\Queue\\CallQueuedHandler.php(123): Illuminate\\Bus\\Dispatcher->dispatchNow(Object(Illuminate\\Broadcasting\\BroadcastEvent), false)
#11 C:\\Ussage\\VS-Code-Projects\\33-Project-Laravel\\Silat-New\\vendor\\laravel\\framework\\src\\Illuminate\\Pipeline\\Pipeline.php(141): Illuminate\\Queue\\CallQueuedHandler->Illuminate\\Queue\\{closure}(Object(Illuminate\\Broadcasting\\BroadcastEvent))
#12 C:\\Ussage\\VS-Code-Projects\\33-Project-Laravel\\Silat-New\\vendor\\laravel\\framework\\src\\Illuminate\\Pipeline\\Pipeline.php(116): Illuminate\\Pipeline\\Pipeline->Illuminate\\Pipeline\\{closure}(Object(Illuminate\\Broadcasting\\BroadcastEvent))
#13 C:\\Ussage\\VS-Code-Projects\\33-Project-Laravel\\Silat-New\\vendor\\laravel\\framework\\src\\Illuminate\\Queue\\CallQueuedHandler.php(122): Illuminate\\Pipeline\\Pipeline->then(Object(Closure))
#14 C:\\Ussage\\VS-Code-Projects\\33-Project-Laravel\\Silat-New\\vendor\\laravel\\framework\\src\\Illuminate\\Queue\\CallQueuedHandler.php(70): Illuminate\\Queue\\CallQueuedHandler->dispatchThroughMiddleware(Object(Illuminate\\Queue\\Jobs\\SyncJob), Object(Illuminate\\Broadcasting\\BroadcastEvent))
#15 C:\\Ussage\\VS-Code-Projects\\33-Project-Laravel\\Silat-New\\vendor\\laravel\\framework\\src\\Illuminate\\Queue\\Jobs\\Job.php(98): Illuminate\\Queue\\CallQueuedHandler->call(Object(Illuminate\\Queue\\Jobs\\SyncJob), Array)
#16 C:\\Ussage\\VS-Code-Projects\\33-Project-Laravel\\Silat-New\\vendor\\laravel\\framework\\src\\Illuminate\\Queue\\SyncQueue.php(43): Illuminate\\Queue\\Jobs\\Job->fire()
#17 C:\\Ussage\\VS-Code-Projects\\33-Project-Laravel\\Silat-New\\vendor\\laravel\\framework\\src\\Illuminate\\Queue\\Queue.php(57): Illuminate\\Queue\\SyncQueue->push(Object(Illuminate\\Broadcasting\\BroadcastEvent), '', NULL)
#18 C:\\Ussage\\VS-Code-Projects\\33-Project-Laravel\\Silat-New\\vendor\\laravel\\framework\\src\\Illuminate\\Broadcasting\\BroadcastManager.php(183): Illuminate\\Queue\\Queue->pushOn(NULL, Object(Illuminate\\Broadcasting\\BroadcastEvent))
#19 C:\\Ussage\\VS-Code-Projects\\33-Project-Laravel\\Silat-New\\vendor\\laravel\\framework\\src\\Illuminate\\Events\\Dispatcher.php(320): Illuminate\\Broadcasting\\BroadcastManager->queue(Object(App\\Events\\VerificationEvent))
#20 C:\\Ussage\\VS-Code-Projects\\33-Project-Laravel\\Silat-New\\vendor\\laravel\\framework\\src\\Illuminate\\Events\\Dispatcher.php(243): Illuminate\\Events\\Dispatcher->broadcastEvent(Object(App\\Events\\VerificationEvent))
#21 C:\\Ussage\\VS-Code-Projects\\33-Project-Laravel\\Silat-New\\vendor\\laravel\\framework\\src\\Illuminate\\Foundation\\helpers.php(451): Illuminate\\Events\\Dispatcher->dispatch('App\\\\Events\\\\Veri...')
#22 C:\\Ussage\\VS-Code-Projects\\33-Project-Laravel\\Silat-New\\app\\Http\\Controllers\\DewanController.php(295): event(Object(App\\Events\\VerificationEvent))
#23 C:\\Ussage\\VS-Code-Projects\\33-Project-Laravel\\Silat-New\\vendor\\laravel\\framework\\src\\Illuminate\\Routing\\Controller.php(54): App\\Http\\Controllers\\DewanController->store(Object(Illuminate\\Http\\Request))
#24 C:\\Ussage\\VS-Code-Projects\\33-Project-Laravel\\Silat-New\\vendor\\laravel\\framework\\src\\Illuminate\\Routing\\ControllerDispatcher.php(43): Illuminate\\Routing\\Controller->callAction('store', Array)
#25 C:\\Ussage\\VS-Code-Projects\\33-Project-Laravel\\Silat-New\\vendor\\laravel\\framework\\src\\Illuminate\\Routing\\Route.php(259): Illuminate\\Routing\\ControllerDispatcher->dispatch(Object(Illuminate\\Routing\\Route), Object(App\\Http\\Controllers\\DewanController), 'store')
#26 C:\\Ussage\\VS-Code-Projects\\33-Project-Laravel\\Silat-New\\vendor\\laravel\\framework\\src\\Illuminate\\Routing\\Route.php(205): Illuminate\\Routing\\Route->runController()
#27 C:\\Ussage\\VS-Code-Projects\\33-Project-Laravel\\Silat-New\\vendor\\laravel\\framework\\src\\Illuminate\\Routing\\Router.php(798): Illuminate\\Routing\\Route->run()
#28 C:\\Ussage\\VS-Code-Projects\\33-Project-Laravel\\Silat-New\\vendor\\laravel\\framework\\src\\Illuminate\\Pipeline\\Pipeline.php(141): Illuminate\\Routing\\Router->Illuminate\\Routing\\{closure}(Object(Illuminate\\Http\\Request))
#29 C:\\Ussage\\VS-Code-Projects\\33-Project-Laravel\\Silat-New\\app\\Http\\Middleware\\UserManagent.php(23): Illuminate\\Pipeline\\Pipeline->Illuminate\\Pipeline\\{closure}(Object(Illuminate\\Http\\Request))
#30 C:\\Ussage\\VS-Code-Projects\\33-Project-Laravel\\Silat-New\\vendor\\laravel\\framework\\src\\Illuminate\\Pipeline\\Pipeline.php(180): App\\Http\\Middleware\\UserManagent->handle(Object(Illuminate\\Http\\Request), Object(Closure))
#31 C:\\Ussage\\VS-Code-Projects\\33-Project-Laravel\\Silat-New\\vendor\\laravel\\framework\\src\\Illuminate\\Routing\\Middleware\\SubstituteBindings.php(50): Illuminate\\Pipeline\\Pipeline->Illuminate\\Pipeline\\{closure}(Object(Illuminate\\Http\\Request))
#32 C:\\Ussage\\VS-Code-Projects\\33-Project-Laravel\\Silat-New\\vendor\\laravel\\framework\\src\\Illuminate\\Pipeline\\Pipeline.php(180): Illuminate\\Routing\\Middleware\\SubstituteBindings->handle(Object(Illuminate\\Http\\Request), Object(Closure))
#33 C:\\Ussage\\VS-Code-Projects\\33-Project-Laravel\\Silat-New\\vendor\\laravel\\framework\\src\\Illuminate\\Foundation\\Http\\Middleware\\VerifyCsrfToken.php(78): Illuminate\\Pipeline\\Pipeline->Illuminate\\Pipeline\\{closure}(Object(Illuminate\\Http\\Request))
#34 C:\\Ussage\\VS-Code-Projects\\33-Project-Laravel\\Silat-New\\vendor\\laravel\\framework\\src\\Illuminate\\Pipeline\\Pipeline.php(180): Illuminate\\Foundation\\Http\\Middleware\\VerifyCsrfToken->handle(Object(Illuminate\\Http\\Request), Object(Closure))
#35 C:\\Ussage\\VS-Code-Projects\\33-Project-Laravel\\Silat-New\\vendor\\laravel\\framework\\src\\Illuminate\\View\\Middleware\\ShareErrorsFromSession.php(49): Illuminate\\Pipeline\\Pipeline->Illuminate\\Pipeline\\{closure}(Object(Illuminate\\Http\\Request))
#36 C:\\Ussage\\VS-Code-Projects\\33-Project-Laravel\\Silat-New\\vendor\\laravel\\framework\\src\\Illuminate\\Pipeline\\Pipeline.php(180): Illuminate\\View\\Middleware\\ShareErrorsFromSession->handle(Object(Illuminate\\Http\\Request), Object(Closure))
#37 C:\\Ussage\\VS-Code-Projects\\33-Project-Laravel\\Silat-New\\vendor\\laravel\\framework\\src\\Illuminate\\Session\\Middleware\\StartSession.php(121): Illuminate\\Pipeline\\Pipeline->Illuminate\\Pipeline\\{closure}(Object(Illuminate\\Http\\Request))
#38 C:\\Ussage\\VS-Code-Projects\\33-Project-Laravel\\Silat-New\\vendor\\laravel\\framework\\src\\Illuminate\\Session\\Middleware\\StartSession.php(64): Illuminate\\Session\\Middleware\\StartSession->handleStatefulRequest(Object(Illuminate\\Http\\Request), Object(Illuminate\\Session\\Store), Object(Closure))
#39 C:\\Ussage\\VS-Code-Projects\\33-Project-Laravel\\Silat-New\\vendor\\laravel\\framework\\src\\Illuminate\\Pipeline\\Pipeline.php(180): Illuminate\\Session\\Middleware\\StartSession->handle(Object(Illuminate\\Http\\Request), Object(Closure))
#40 C:\\Ussage\\VS-Code-Projects\\33-Project-Laravel\\Silat-New\\vendor\\laravel\\framework\\src\\Illuminate\\Cookie\\Middleware\\AddQueuedCookiesToResponse.php(37): Illuminate\\Pipeline\\Pipeline->Illuminate\\Pipeline\\{closure}(Object(Illuminate\\Http\\Request))
#41 C:\\Ussage\\VS-Code-Projects\\33-Project-Laravel\\Silat-New\\vendor\\laravel\\framework\\src\\Illuminate\\Pipeline\\Pipeline.php(180): Illuminate\\Cookie\\Middleware\\AddQueuedCookiesToResponse->handle(Object(Illuminate\\Http\\Request), Object(Closure))
#42 C:\\Ussage\\VS-Code-Projects\\33-Project-Laravel\\Silat-New\\vendor\\laravel\\framework\\src\\Illuminate\\Cookie\\Middleware\\EncryptCookies.php(67): Illuminate\\Pipeline\\Pipeline->Illuminate\\Pipeline\\{closure}(Object(Illuminate\\Http\\Request))
#43 C:\\Ussage\\VS-Code-Projects\\33-Project-Laravel\\Silat-New\\vendor\\laravel\\framework\\src\\Illuminate\\Pipeline\\Pipeline.php(180): Illuminate\\Cookie\\Middleware\\EncryptCookies->handle(Object(Illuminate\\Http\\Request), Object(Closure))
#44 C:\\Ussage\\VS-Code-Projects\\33-Project-Laravel\\Silat-New\\vendor\\laravel\\framework\\src\\Illuminate\\Pipeline\\Pipeline.php(116): Illuminate\\Pipeline\\Pipeline->Illuminate\\Pipeline\\{closure}(Object(Illuminate\\Http\\Request))
#45 C:\\Ussage\\VS-Code-Projects\\33-Project-Laravel\\Silat-New\\vendor\\laravel\\framework\\src\\Illuminate\\Routing\\Router.php(797): Illuminate\\Pipeline\\Pipeline->then(Object(Closure))
#46 C:\\Ussage\\VS-Code-Projects\\33-Project-Laravel\\Silat-New\\vendor\\laravel\\framework\\src\\Illuminate\\Routing\\Router.php(776): Illuminate\\Routing\\Router->runRouteWithinStack(Object(Illuminate\\Routing\\Route), Object(Illuminate\\Http\\Request))
#47 C:\\Ussage\\VS-Code-Projects\\33-Project-Laravel\\Silat-New\\vendor\\laravel\\framework\\src\\Illuminate\\Routing\\Router.php(740): Illuminate\\Routing\\Router->runRoute(Object(Illuminate\\Http\\Request), Object(Illuminate\\Routing\\Route))
#48 C:\\Ussage\\VS-Code-Projects\\33-Project-Laravel\\Silat-New\\vendor\\laravel\\framework\\src\\Illuminate\\Routing\\Router.php(729): Illuminate\\Routing\\Router->dispatchToRoute(Object(Illuminate\\Http\\Request))
#49 C:\\Ussage\\VS-Code-Projects\\33-Project-Laravel\\Silat-New\\vendor\\laravel\\framework\\src\\Illuminate\\Foundation\\Http\\Kernel.php(190): Illuminate\\Routing\\Router->dispatch(Object(Illuminate\\Http\\Request))
#50 C:\\Ussage\\VS-Code-Projects\\33-Project-Laravel\\Silat-New\\vendor\\laravel\\framework\\src\\Illuminate\\Pipeline\\Pipeline.php(141): Illuminate\\Foundation\\Http\\Kernel->Illuminate\\Foundation\\Http\\{closure}(Object(Illuminate\\Http\\Request))
#51 C:\\Ussage\\VS-Code-Projects\\33-Project-Laravel\\Silat-New\\vendor\\laravel\\framework\\src\\Illuminate\\Foundation\\Http\\Middleware\\TransformsRequest.php(21): Illuminate\\Pipeline\\Pipeline->Illuminate\\Pipeline\\{closure}(Object(Illuminate\\Http\\Request))
#52 C:\\Ussage\\VS-Code-Projects\\33-Project-Laravel\\Silat-New\\vendor\\laravel\\framework\\src\\Illuminate\\Foundation\\Http\\Middleware\\ConvertEmptyStringsToNull.php(31): Illuminate\\Foundation\\Http\\Middleware\\TransformsRequest->handle(Object(Illuminate\\Http\\Request), Object(Closure))
#53 C:\\Ussage\\VS-Code-Projects\\33-Project-Laravel\\Silat-New\\vendor\\laravel\\framework\\src\\Illuminate\\Pipeline\\Pipeline.php(180): Illuminate\\Foundation\\Http\\Middleware\\ConvertEmptyStringsToNull->handle(Object(Illuminate\\Http\\Request), Object(Closure))
#54 C:\\Ussage\\VS-Code-Projects\\33-Project-Laravel\\Silat-New\\vendor\\laravel\\framework\\src\\Illuminate\\Foundation\\Http\\Middleware\\TransformsRequest.php(21): Illuminate\\Pipeline\\Pipeline->Illuminate\\Pipeline\\{closure}(Object(Illuminate\\Http\\Request))
#55 C:\\Ussage\\VS-Code-Projects\\33-Project-Laravel\\Silat-New\\vendor\\laravel\\framework\\src\\Illuminate\\Foundation\\Http\\Middleware\\TrimStrings.php(40): Illuminate\\Foundation\\Http\\Middleware\\TransformsRequest->handle(Object(Illuminate\\Http\\Request), Object(Closure))
#56 C:\\Ussage\\VS-Code-Projects\\33-Project-Laravel\\Silat-New\\vendor\\laravel\\framework\\src\\Illuminate\\Pipeline\\Pipeline.php(180): Illuminate\\Foundation\\Http\\Middleware\\TrimStrings->handle(Object(Illuminate\\Http\\Request), Object(Closure))
#57 C:\\Ussage\\VS-Code-Projects\\33-Project-Laravel\\Silat-New\\vendor\\laravel\\framework\\src\\Illuminate\\Foundation\\Http\\Middleware\\ValidatePostSize.php(27): Illuminate\\Pipeline\\Pipeline->Illuminate\\Pipeline\\{closure}(Object(Illuminate\\Http\\Request))
#58 C:\\Ussage\\VS-Code-Projects\\33-Project-Laravel\\Silat-New\\vendor\\laravel\\framework\\src\\Illuminate\\Pipeline\\Pipeline.php(180): Illuminate\\Foundation\\Http\\Middleware\\ValidatePostSize->handle(Object(Illuminate\\Http\\Request), Object(Closure))
#59 C:\\Ussage\\VS-Code-Projects\\33-Project-Laravel\\Silat-New\\vendor\\laravel\\framework\\src\\Illuminate\\Foundation\\Http\\Middleware\\PreventRequestsDuringMaintenance.php(86): Illuminate\\Pipeline\\Pipeline->Illuminate\\Pipeline\\{closure}(Object(Illuminate\\Http\\Request))
#60 C:\\Ussage\\VS-Code-Projects\\33-Project-Laravel\\Silat-New\\vendor\\laravel\\framework\\src\\Illuminate\\Pipeline\\Pipeline.php(180): Illuminate\\Foundation\\Http\\Middleware\\PreventRequestsDuringMaintenance->handle(Object(Illuminate\\Http\\Request), Object(Closure))
#61 C:\\Ussage\\VS-Code-Projects\\33-Project-Laravel\\Silat-New\\vendor\\laravel\\framework\\src\\Illuminate\\Http\\Middleware\\TrustProxies.php(39): Illuminate\\Pipeline\\Pipeline->Illuminate\\Pipeline\\{closure}(Object(Illuminate\\Http\\Request))
#62 C:\\Ussage\\VS-Code-Projects\\33-Project-Laravel\\Silat-New\\vendor\\laravel\\framework\\src\\Illuminate\\Pipeline\\Pipeline.php(180): Illuminate\\Http\\Middleware\\TrustProxies->handle(Object(Illuminate\\Http\\Request), Object(Closure))
#63 C:\\Ussage\\VS-Code-Projects\\33-Project-Laravel\\Silat-New\\vendor\\laravel\\framework\\src\\Illuminate\\Pipeline\\Pipeline.php(116): Illuminate\\Pipeline\\Pipeline->Illuminate\\Pipeline\\{closure}(Object(Illuminate\\Http\\Request))
#64 C:\\Ussage\\VS-Code-Projects\\33-Project-Laravel\\Silat-New\\vendor\\laravel\\framework\\src\\Illuminate\\Foundation\\Http\\Kernel.php(165): Illuminate\\Pipeline\\Pipeline->then(Object(Closure))
#65 C:\\Ussage\\VS-Code-Projects\\33-Project-Laravel\\Silat-New\\vendor\\laravel\\framework\\src\\Illuminate\\Foundation\\Http\\Kernel.php(134): Illuminate\\Foundation\\Http\\Kernel->sendRequestThroughRouter(Object(Illuminate\\Http\\Request))
#66 C:\\Ussage\\VS-Code-Projects\\33-Project-Laravel\\Silat-New\\public\\index.php(54): Illuminate\\Foundation\\Http\\Kernel->handle(Object(Illuminate\\Http\\Request))
#67 C:\\Ussage\\VS-Code-Projects\\33-Project-Laravel\\Silat-New\\server.php(21): require_once('C:\\\\Ussage\\\\VS-Co...')
#68 {main}
"} 
[2025-10-13 19:30:22] local.ERROR: Cannot redeclare active_class() (previously declared in C:\Ussage\VS-Code-Projects\33-Project-Laravel\Silat-New\app\helpers.php:3) {"exception":"[object] (Symfony\\Component\\ErrorHandler\\Error\\FatalError(code: 0): Cannot redeclare active_class() (previously declared in C:\\Ussage\\VS-Code-Projects\\33-Project-Laravel\\Silat-New\\app\\helpers.php:3) at C:\\Ussage\\VS-Code-Projects\\33-Project-Laravel\\Silat-New\\app\\helpers.php:3)
[stacktrace]
#0 {main}
"} 
[2025-10-13 19:31:22] local.ERROR: Cannot redeclare active_class() (previously declared in C:\Ussage\VS-Code-Projects\33-Project-Laravel\Silat-New\app\helpers.php:3) {"exception":"[object] (Symfony\\Component\\ErrorHandler\\Error\\FatalError(code: 0): Cannot redeclare active_class() (previously declared in C:\\Ussage\\VS-Code-Projects\\33-Project-Laravel\\Silat-New\\app\\helpers.php:3) at C:\\Ussage\\VS-Code-Projects\\33-Project-Laravel\\Silat-New\\app\\helpers.php:3)
[stacktrace]
#0 {main}
"} 
[2025-10-13 19:32:22] local.ERROR: Cannot redeclare active_class() (previously declared in C:\Ussage\VS-Code-Projects\33-Project-Laravel\Silat-New\app\helpers.php:3) {"exception":"[object] (Symfony\\Component\\ErrorHandler\\Error\\FatalError(code: 0): Cannot redeclare active_class() (previously declared in C:\\Ussage\\VS-Code-Projects\\33-Project-Laravel\\Silat-New\\app\\helpers.php:3) at C:\\Ussage\\VS-Code-Projects\\33-Project-Laravel\\Silat-New\\app\\helpers.php:3)
[stacktrace]
#0 {main}
"} 
[2025-10-13 19:33:22] local.ERROR: Cannot redeclare active_class() (previously declared in C:\Ussage\VS-Code-Projects\33-Project-Laravel\Silat-New\app\helpers.php:3) {"exception":"[object] (Symfony\\Component\\ErrorHandler\\Error\\FatalError(code: 0): Cannot redeclare active_class() (previously declared in C:\\Ussage\\VS-Code-Projects\\33-Project-Laravel\\Silat-New\\app\\helpers.php:3) at C:\\Ussage\\VS-Code-Projects\\33-Project-Laravel\\Silat-New\\app\\helpers.php:3)
[stacktrace]
#0 {main}
"} 
[2025-10-13 19:34:22] local.ERROR: Cannot redeclare active_class() (previously declared in C:\Ussage\VS-Code-Projects\33-Project-Laravel\Silat-New\app\helpers.php:3) {"exception":"[object] (Symfony\\Component\\ErrorHandler\\Error\\FatalError(code: 0): Cannot redeclare active_class() (previously declared in C:\\Ussage\\VS-Code-Projects\\33-Project-Laravel\\Silat-New\\app\\helpers.php:3) at C:\\Ussage\\VS-Code-Projects\\33-Project-Laravel\\Silat-New\\app\\helpers.php:3)
[stacktrace]
#0 {main}
"} 
[2025-10-13 19:35:22] local.ERROR: Cannot redeclare active_class() (previously declared in C:\Ussage\VS-Code-Projects\33-Project-Laravel\Silat-New\app\helpers.php:3) {"exception":"[object] (Symfony\\Component\\ErrorHandler\\Error\\FatalError(code: 0): Cannot redeclare active_class() (previously declared in C:\\Ussage\\VS-Code-Projects\\33-Project-Laravel\\Silat-New\\app\\helpers.php:3) at C:\\Ussage\\VS-Code-Projects\\33-Project-Laravel\\Silat-New\\app\\helpers.php:3)
[stacktrace]
#0 {main}
"} 
[2025-10-13 19:36:23] local.ERROR: Cannot redeclare active_class() (previously declared in C:\Ussage\VS-Code-Projects\33-Project-Laravel\Silat-New\app\helpers.php:3) {"exception":"[object] (Symfony\\Component\\ErrorHandler\\Error\\FatalError(code: 0): Cannot redeclare active_class() (previously declared in C:\\Ussage\\VS-Code-Projects\\33-Project-Laravel\\Silat-New\\app\\helpers.php:3) at C:\\Ussage\\VS-Code-Projects\\33-Project-Laravel\\Silat-New\\app\\helpers.php:3)
[stacktrace]
#0 {main}
"} 
[2025-10-13 19:37:22] local.ERROR: Cannot redeclare active_class() (previously declared in C:\Ussage\VS-Code-Projects\33-Project-Laravel\Silat-New\app\helpers.php:3) {"exception":"[object] (Symfony\\Component\\ErrorHandler\\Error\\FatalError(code: 0): Cannot redeclare active_class() (previously declared in C:\\Ussage\\VS-Code-Projects\\33-Project-Laravel\\Silat-New\\app\\helpers.php:3) at C:\\Ussage\\VS-Code-Projects\\33-Project-Laravel\\Silat-New\\app\\helpers.php:3)
[stacktrace]
#0 {main}
"} 
[2025-10-13 19:38:22] local.ERROR: Cannot redeclare active_class() (previously declared in C:\Ussage\VS-Code-Projects\33-Project-Laravel\Silat-New\app\helpers.php:3) {"exception":"[object] (Symfony\\Component\\ErrorHandler\\Error\\FatalError(code: 0): Cannot redeclare active_class() (previously declared in C:\\Ussage\\VS-Code-Projects\\33-Project-Laravel\\Silat-New\\app\\helpers.php:3) at C:\\Ussage\\VS-Code-Projects\\33-Project-Laravel\\Silat-New\\app\\helpers.php:3)
[stacktrace]
#0 {main}
"} 
[2025-10-13 19:39:22] local.ERROR: Cannot redeclare active_class() (previously declared in C:\Ussage\VS-Code-Projects\33-Project-Laravel\Silat-New\app\helpers.php:3) {"exception":"[object] (Symfony\\Component\\ErrorHandler\\Error\\FatalError(code: 0): Cannot redeclare active_class() (previously declared in C:\\Ussage\\VS-Code-Projects\\33-Project-Laravel\\Silat-New\\app\\helpers.php:3) at C:\\Ussage\\VS-Code-Projects\\33-Project-Laravel\\Silat-New\\app\\helpers.php:3)
[stacktrace]
#0 {main}
"} 
[2025-10-13 19:40:22] local.ERROR: Cannot redeclare active_class() (previously declared in C:\Ussage\VS-Code-Projects\33-Project-Laravel\Silat-New\app\helpers.php:3) {"exception":"[object] (Symfony\\Component\\ErrorHandler\\Error\\FatalError(code: 0): Cannot redeclare active_class() (previously declared in C:\\Ussage\\VS-Code-Projects\\33-Project-Laravel\\Silat-New\\app\\helpers.php:3) at C:\\Ussage\\VS-Code-Projects\\33-Project-Laravel\\Silat-New\\app\\helpers.php:3)
[stacktrace]
#0 {main}
"} 
[2025-10-13 19:41:22] local.ERROR: Cannot redeclare active_class() (previously declared in C:\Ussage\VS-Code-Projects\33-Project-Laravel\Silat-New\app\helpers.php:3) {"exception":"[object] (Symfony\\Component\\ErrorHandler\\Error\\FatalError(code: 0): Cannot redeclare active_class() (previously declared in C:\\Ussage\\VS-Code-Projects\\33-Project-Laravel\\Silat-New\\app\\helpers.php:3) at C:\\Ussage\\VS-Code-Projects\\33-Project-Laravel\\Silat-New\\app\\helpers.php:3)
[stacktrace]
#0 {main}
"} 
[2025-10-13 19:42:22] local.ERROR: Cannot redeclare active_class() (previously declared in C:\Ussage\VS-Code-Projects\33-Project-Laravel\Silat-New\app\helpers.php:3) {"exception":"[object] (Symfony\\Component\\ErrorHandler\\Error\\FatalError(code: 0): Cannot redeclare active_class() (previously declared in C:\\Ussage\\VS-Code-Projects\\33-Project-Laravel\\Silat-New\\app\\helpers.php:3) at C:\\Ussage\\VS-Code-Projects\\33-Project-Laravel\\Silat-New\\app\\helpers.php:3)
[stacktrace]
#0 {main}
"} 
[2025-10-13 19:43:23] local.ERROR: Cannot redeclare active_class() (previously declared in C:\Ussage\VS-Code-Projects\33-Project-Laravel\Silat-New\app\helpers.php:3) {"exception":"[object] (Symfony\\Component\\ErrorHandler\\Error\\FatalError(code: 0): Cannot redeclare active_class() (previously declared in C:\\Ussage\\VS-Code-Projects\\33-Project-Laravel\\Silat-New\\app\\helpers.php:3) at C:\\Ussage\\VS-Code-Projects\\33-Project-Laravel\\Silat-New\\app\\helpers.php:3)
[stacktrace]
#0 {main}
"} 
[2025-10-13 19:44:22] local.ERROR: Cannot redeclare active_class() (previously declared in C:\Ussage\VS-Code-Projects\33-Project-Laravel\Silat-New\app\helpers.php:3) {"exception":"[object] (Symfony\\Component\\ErrorHandler\\Error\\FatalError(code: 0): Cannot redeclare active_class() (previously declared in C:\\Ussage\\VS-Code-Projects\\33-Project-Laravel\\Silat-New\\app\\helpers.php:3) at C:\\Ussage\\VS-Code-Projects\\33-Project-Laravel\\Silat-New\\app\\helpers.php:3)
[stacktrace]
#0 {main}
"} 
[2025-10-13 19:45:23] local.ERROR: Cannot redeclare active_class() (previously declared in C:\Ussage\VS-Code-Projects\33-Project-Laravel\Silat-New\app\helpers.php:3) {"exception":"[object] (Symfony\\Component\\ErrorHandler\\Error\\FatalError(code: 0): Cannot redeclare active_class() (previously declared in C:\\Ussage\\VS-Code-Projects\\33-Project-Laravel\\Silat-New\\app\\helpers.php:3) at C:\\Ussage\\VS-Code-Projects\\33-Project-Laravel\\Silat-New\\app\\helpers.php:3)
[stacktrace]
#0 {main}
"} 
[2025-10-13 19:46:23] local.ERROR: Cannot redeclare active_class() (previously declared in C:\Ussage\VS-Code-Projects\33-Project-Laravel\Silat-New\app\helpers.php:3) {"exception":"[object] (Symfony\\Component\\ErrorHandler\\Error\\FatalError(code: 0): Cannot redeclare active_class() (previously declared in C:\\Ussage\\VS-Code-Projects\\33-Project-Laravel\\Silat-New\\app\\helpers.php:3) at C:\\Ussage\\VS-Code-Projects\\33-Project-Laravel\\Silat-New\\app\\helpers.php:3)
[stacktrace]
#0 {main}
"} 
[2025-10-13 19:47:23] local.ERROR: Cannot redeclare active_class() (previously declared in C:\Ussage\VS-Code-Projects\33-Project-Laravel\Silat-New\app\helpers.php:3) {"exception":"[object] (Symfony\\Component\\ErrorHandler\\Error\\FatalError(code: 0): Cannot redeclare active_class() (previously declared in C:\\Ussage\\VS-Code-Projects\\33-Project-Laravel\\Silat-New\\app\\helpers.php:3) at C:\\Ussage\\VS-Code-Projects\\33-Project-Laravel\\Silat-New\\app\\helpers.php:3)
[stacktrace]
#0 {main}
"} 
[2025-10-13 19:48:24] local.ERROR: Cannot redeclare active_class() (previously declared in C:\Ussage\VS-Code-Projects\33-Project-Laravel\Silat-New\app\helpers.php:3) {"exception":"[object] (Symfony\\Component\\ErrorHandler\\Error\\FatalError(code: 0): Cannot redeclare active_class() (previously declared in C:\\Ussage\\VS-Code-Projects\\33-Project-Laravel\\Silat-New\\app\\helpers.php:3) at C:\\Ussage\\VS-Code-Projects\\33-Project-Laravel\\Silat-New\\app\\helpers.php:3)
[stacktrace]
#0 {main}
"} 
[2025-10-13 19:49:23] local.ERROR: Cannot redeclare active_class() (previously declared in C:\Ussage\VS-Code-Projects\33-Project-Laravel\Silat-New\app\helpers.php:3) {"exception":"[object] (Symfony\\Component\\ErrorHandler\\Error\\FatalError(code: 0): Cannot redeclare active_class() (previously declared in C:\\Ussage\\VS-Code-Projects\\33-Project-Laravel\\Silat-New\\app\\helpers.php:3) at C:\\Ussage\\VS-Code-Projects\\33-Project-Laravel\\Silat-New\\app\\helpers.php:3)
[stacktrace]
#0 {main}
"} 
[2025-10-13 19:50:23] local.ERROR: Cannot redeclare active_class() (previously declared in C:\Ussage\VS-Code-Projects\33-Project-Laravel\Silat-New\app\helpers.php:3) {"exception":"[object] (Symfony\\Component\\ErrorHandler\\Error\\FatalError(code: 0): Cannot redeclare active_class() (previously declared in C:\\Ussage\\VS-Code-Projects\\33-Project-Laravel\\Silat-New\\app\\helpers.php:3) at C:\\Ussage\\VS-Code-Projects\\33-Project-Laravel\\Silat-New\\app\\helpers.php:3)
[stacktrace]
#0 {main}
"} 
[2025-10-13 19:51:23] local.ERROR: Cannot redeclare active_class() (previously declared in C:\Ussage\VS-Code-Projects\33-Project-Laravel\Silat-New\app\helpers.php:3) {"exception":"[object] (Symfony\\Component\\ErrorHandler\\Error\\FatalError(code: 0): Cannot redeclare active_class() (previously declared in C:\\Ussage\\VS-Code-Projects\\33-Project-Laravel\\Silat-New\\app\\helpers.php:3) at C:\\Ussage\\VS-Code-Projects\\33-Project-Laravel\\Silat-New\\app\\helpers.php:3)
[stacktrace]
#0 {main}
"} 
[2025-10-13 19:52:23] local.ERROR: Cannot redeclare active_class() (previously declared in C:\Ussage\VS-Code-Projects\33-Project-Laravel\Silat-New\app\helpers.php:3) {"exception":"[object] (Symfony\\Component\\ErrorHandler\\Error\\FatalError(code: 0): Cannot redeclare active_class() (previously declared in C:\\Ussage\\VS-Code-Projects\\33-Project-Laravel\\Silat-New\\app\\helpers.php:3) at C:\\Ussage\\VS-Code-Projects\\33-Project-Laravel\\Silat-New\\app\\helpers.php:3)
[stacktrace]
#0 {main}
"} 
[2025-10-13 19:53:23] local.ERROR: Cannot redeclare active_class() (previously declared in C:\Ussage\VS-Code-Projects\33-Project-Laravel\Silat-New\app\helpers.php:3) {"exception":"[object] (Symfony\\Component\\ErrorHandler\\Error\\FatalError(code: 0): Cannot redeclare active_class() (previously declared in C:\\Ussage\\VS-Code-Projects\\33-Project-Laravel\\Silat-New\\app\\helpers.php:3) at C:\\Ussage\\VS-Code-Projects\\33-Project-Laravel\\Silat-New\\app\\helpers.php:3)
[stacktrace]
#0 {main}
"} 
[2025-10-13 19:54:23] local.ERROR: Cannot redeclare active_class() (previously declared in C:\Ussage\VS-Code-Projects\33-Project-Laravel\Silat-New\app\helpers.php:3) {"exception":"[object] (Symfony\\Component\\ErrorHandler\\Error\\FatalError(code: 0): Cannot redeclare active_class() (previously declared in C:\\Ussage\\VS-Code-Projects\\33-Project-Laravel\\Silat-New\\app\\helpers.php:3) at C:\\Ussage\\VS-Code-Projects\\33-Project-Laravel\\Silat-New\\app\\helpers.php:3)
[stacktrace]
#0 {main}
"} 
[2025-10-13 19:55:23] local.ERROR: Cannot redeclare active_class() (previously declared in C:\Ussage\VS-Code-Projects\33-Project-Laravel\Silat-New\app\helpers.php:3) {"exception":"[object] (Symfony\\Component\\ErrorHandler\\Error\\FatalError(code: 0): Cannot redeclare active_class() (previously declared in C:\\Ussage\\VS-Code-Projects\\33-Project-Laravel\\Silat-New\\app\\helpers.php:3) at C:\\Ussage\\VS-Code-Projects\\33-Project-Laravel\\Silat-New\\app\\helpers.php:3)
[stacktrace]
#0 {main}
"} 
[2025-10-13 19:56:23] local.ERROR: Cannot redeclare active_class() (previously declared in C:\Ussage\VS-Code-Projects\33-Project-Laravel\Silat-New\app\helpers.php:3) {"exception":"[object] (Symfony\\Component\\ErrorHandler\\Error\\FatalError(code: 0): Cannot redeclare active_class() (previously declared in C:\\Ussage\\VS-Code-Projects\\33-Project-Laravel\\Silat-New\\app\\helpers.php:3) at C:\\Ussage\\VS-Code-Projects\\33-Project-Laravel\\Silat-New\\app\\helpers.php:3)
[stacktrace]
#0 {main}
"} 
[2025-10-13 19:57:23] local.ERROR: Cannot redeclare active_class() (previously declared in C:\Ussage\VS-Code-Projects\33-Project-Laravel\Silat-New\app\helpers.php:3) {"exception":"[object] (Symfony\\Component\\ErrorHandler\\Error\\FatalError(code: 0): Cannot redeclare active_class() (previously declared in C:\\Ussage\\VS-Code-Projects\\33-Project-Laravel\\Silat-New\\app\\helpers.php:3) at C:\\Ussage\\VS-Code-Projects\\33-Project-Laravel\\Silat-New\\app\\helpers.php:3)
[stacktrace]
#0 {main}
"} 
[2025-10-13 19:58:23] local.ERROR: Cannot redeclare active_class() (previously declared in C:\Ussage\VS-Code-Projects\33-Project-Laravel\Silat-New\app\helpers.php:3) {"exception":"[object] (Symfony\\Component\\ErrorHandler\\Error\\FatalError(code: 0): Cannot redeclare active_class() (previously declared in C:\\Ussage\\VS-Code-Projects\\33-Project-Laravel\\Silat-New\\app\\helpers.php:3) at C:\\Ussage\\VS-Code-Projects\\33-Project-Laravel\\Silat-New\\app\\helpers.php:3)
[stacktrace]
#0 {main}
"} 
[2025-10-13 19:59:23] local.ERROR: Cannot redeclare active_class() (previously declared in C:\Ussage\VS-Code-Projects\33-Project-Laravel\Silat-New\app\helpers.php:3) {"exception":"[object] (Symfony\\Component\\ErrorHandler\\Error\\FatalError(code: 0): Cannot redeclare active_class() (previously declared in C:\\Ussage\\VS-Code-Projects\\33-Project-Laravel\\Silat-New\\app\\helpers.php:3) at C:\\Ussage\\VS-Code-Projects\\33-Project-Laravel\\Silat-New\\app\\helpers.php:3)
[stacktrace]
#0 {main}
"} 
[2025-10-13 20:00:23] local.ERROR: Cannot redeclare active_class() (previously declared in C:\Ussage\VS-Code-Projects\33-Project-Laravel\Silat-New\app\helpers.php:3) {"exception":"[object] (Symfony\\Component\\ErrorHandler\\Error\\FatalError(code: 0): Cannot redeclare active_class() (previously declared in C:\\Ussage\\VS-Code-Projects\\33-Project-Laravel\\Silat-New\\app\\helpers.php:3) at C:\\Ussage\\VS-Code-Projects\\33-Project-Laravel\\Silat-New\\app\\helpers.php:3)
[stacktrace]
#0 {main}
"} 
[2025-10-13 20:01:23] local.ERROR: Cannot redeclare active_class() (previously declared in C:\Ussage\VS-Code-Projects\33-Project-Laravel\Silat-New\app\helpers.php:3) {"exception":"[object] (Symfony\\Component\\ErrorHandler\\Error\\FatalError(code: 0): Cannot redeclare active_class() (previously declared in C:\\Ussage\\VS-Code-Projects\\33-Project-Laravel\\Silat-New\\app\\helpers.php:3) at C:\\Ussage\\VS-Code-Projects\\33-Project-Laravel\\Silat-New\\app\\helpers.php:3)
[stacktrace]
#0 {main}
"} 
[2025-10-13 20:02:23] local.ERROR: Cannot redeclare active_class() (previously declared in C:\Ussage\VS-Code-Projects\33-Project-Laravel\Silat-New\app\helpers.php:3) {"exception":"[object] (Symfony\\Component\\ErrorHandler\\Error\\FatalError(code: 0): Cannot redeclare active_class() (previously declared in C:\\Ussage\\VS-Code-Projects\\33-Project-Laravel\\Silat-New\\app\\helpers.php:3) at C:\\Ussage\\VS-Code-Projects\\33-Project-Laravel\\Silat-New\\app\\helpers.php:3)
[stacktrace]
#0 {main}
"} 
[2025-10-13 20:03:23] local.ERROR: Cannot redeclare active_class() (previously declared in C:\Ussage\VS-Code-Projects\33-Project-Laravel\Silat-New\app\helpers.php:3) {"exception":"[object] (Symfony\\Component\\ErrorHandler\\Error\\FatalError(code: 0): Cannot redeclare active_class() (previously declared in C:\\Ussage\\VS-Code-Projects\\33-Project-Laravel\\Silat-New\\app\\helpers.php:3) at C:\\Ussage\\VS-Code-Projects\\33-Project-Laravel\\Silat-New\\app\\helpers.php:3)
[stacktrace]
#0 {main}
"} 
[2025-10-13 20:04:23] local.ERROR: Cannot redeclare active_class() (previously declared in C:\Ussage\VS-Code-Projects\33-Project-Laravel\Silat-New\app\helpers.php:3) {"exception":"[object] (Symfony\\Component\\ErrorHandler\\Error\\FatalError(code: 0): Cannot redeclare active_class() (previously declared in C:\\Ussage\\VS-Code-Projects\\33-Project-Laravel\\Silat-New\\app\\helpers.php:3) at C:\\Ussage\\VS-Code-Projects\\33-Project-Laravel\\Silat-New\\app\\helpers.php:3)
[stacktrace]
#0 {main}
"} 
[2025-10-13 20:05:23] local.ERROR: Cannot redeclare active_class() (previously declared in C:\Ussage\VS-Code-Projects\33-Project-Laravel\Silat-New\app\helpers.php:3) {"exception":"[object] (Symfony\\Component\\ErrorHandler\\Error\\FatalError(code: 0): Cannot redeclare active_class() (previously declared in C:\\Ussage\\VS-Code-Projects\\33-Project-Laravel\\Silat-New\\app\\helpers.php:3) at C:\\Ussage\\VS-Code-Projects\\33-Project-Laravel\\Silat-New\\app\\helpers.php:3)
[stacktrace]
#0 {main}
"} 
[2025-10-13 20:06:23] local.ERROR: Cannot redeclare active_class() (previously declared in C:\Ussage\VS-Code-Projects\33-Project-Laravel\Silat-New\app\helpers.php:3) {"exception":"[object] (Symfony\\Component\\ErrorHandler\\Error\\FatalError(code: 0): Cannot redeclare active_class() (previously declared in C:\\Ussage\\VS-Code-Projects\\33-Project-Laravel\\Silat-New\\app\\helpers.php:3) at C:\\Ussage\\VS-Code-Projects\\33-Project-Laravel\\Silat-New\\app\\helpers.php:3)
[stacktrace]
#0 {main}
"} 
[2025-10-13 20:07:23] local.ERROR: Cannot redeclare active_class() (previously declared in C:\Ussage\VS-Code-Projects\33-Project-Laravel\Silat-New\app\helpers.php:3) {"exception":"[object] (Symfony\\Component\\ErrorHandler\\Error\\FatalError(code: 0): Cannot redeclare active_class() (previously declared in C:\\Ussage\\VS-Code-Projects\\33-Project-Laravel\\Silat-New\\app\\helpers.php:3) at C:\\Ussage\\VS-Code-Projects\\33-Project-Laravel\\Silat-New\\app\\helpers.php:3)
[stacktrace]
#0 {main}
"} 
[2025-10-13 20:08:23] local.ERROR: Cannot redeclare active_class() (previously declared in C:\Ussage\VS-Code-Projects\33-Project-Laravel\Silat-New\app\helpers.php:3) {"exception":"[object] (Symfony\\Component\\ErrorHandler\\Error\\FatalError(code: 0): Cannot redeclare active_class() (previously declared in C:\\Ussage\\VS-Code-Projects\\33-Project-Laravel\\Silat-New\\app\\helpers.php:3) at C:\\Ussage\\VS-Code-Projects\\33-Project-Laravel\\Silat-New\\app\\helpers.php:3)
[stacktrace]
#0 {main}
"} 
[2025-10-13 20:09:23] local.ERROR: Cannot redeclare active_class() (previously declared in C:\Ussage\VS-Code-Projects\33-Project-Laravel\Silat-New\app\helpers.php:3) {"exception":"[object] (Symfony\\Component\\ErrorHandler\\Error\\FatalError(code: 0): Cannot redeclare active_class() (previously declared in C:\\Ussage\\VS-Code-Projects\\33-Project-Laravel\\Silat-New\\app\\helpers.php:3) at C:\\Ussage\\VS-Code-Projects\\33-Project-Laravel\\Silat-New\\app\\helpers.php:3)
[stacktrace]
#0 {main}
"} 
[2025-10-13 20:10:23] local.ERROR: Cannot redeclare active_class() (previously declared in C:\Ussage\VS-Code-Projects\33-Project-Laravel\Silat-New\app\helpers.php:3) {"exception":"[object] (Symfony\\Component\\ErrorHandler\\Error\\FatalError(code: 0): Cannot redeclare active_class() (previously declared in C:\\Ussage\\VS-Code-Projects\\33-Project-Laravel\\Silat-New\\app\\helpers.php:3) at C:\\Ussage\\VS-Code-Projects\\33-Project-Laravel\\Silat-New\\app\\helpers.php:3)
[stacktrace]
#0 {main}
"} 
[2025-10-13 20:11:23] local.ERROR: Cannot redeclare active_class() (previously declared in C:\Ussage\VS-Code-Projects\33-Project-Laravel\Silat-New\app\helpers.php:3) {"exception":"[object] (Symfony\\Component\\ErrorHandler\\Error\\FatalError(code: 0): Cannot redeclare active_class() (previously declared in C:\\Ussage\\VS-Code-Projects\\33-Project-Laravel\\Silat-New\\app\\helpers.php:3) at C:\\Ussage\\VS-Code-Projects\\33-Project-Laravel\\Silat-New\\app\\helpers.php:3)
[stacktrace]
#0 {main}
"} 
[2025-10-13 20:12:23] local.ERROR: Cannot redeclare active_class() (previously declared in C:\Ussage\VS-Code-Projects\33-Project-Laravel\Silat-New\app\helpers.php:3) {"exception":"[object] (Symfony\\Component\\ErrorHandler\\Error\\FatalError(code: 0): Cannot redeclare active_class() (previously declared in C:\\Ussage\\VS-Code-Projects\\33-Project-Laravel\\Silat-New\\app\\helpers.php:3) at C:\\Ussage\\VS-Code-Projects\\33-Project-Laravel\\Silat-New\\app\\helpers.php:3)
[stacktrace]
#0 {main}
"} 
[2025-10-13 20:13:23] local.ERROR: Cannot redeclare active_class() (previously declared in C:\Ussage\VS-Code-Projects\33-Project-Laravel\Silat-New\app\helpers.php:3) {"exception":"[object] (Symfony\\Component\\ErrorHandler\\Error\\FatalError(code: 0): Cannot redeclare active_class() (previously declared in C:\\Ussage\\VS-Code-Projects\\33-Project-Laravel\\Silat-New\\app\\helpers.php:3) at C:\\Ussage\\VS-Code-Projects\\33-Project-Laravel\\Silat-New\\app\\helpers.php:3)
[stacktrace]
#0 {main}
"} 
[2025-10-13 20:14:23] local.ERROR: Cannot redeclare active_class() (previously declared in C:\Ussage\VS-Code-Projects\33-Project-Laravel\Silat-New\app\helpers.php:3) {"exception":"[object] (Symfony\\Component\\ErrorHandler\\Error\\FatalError(code: 0): Cannot redeclare active_class() (previously declared in C:\\Ussage\\VS-Code-Projects\\33-Project-Laravel\\Silat-New\\app\\helpers.php:3) at C:\\Ussage\\VS-Code-Projects\\33-Project-Laravel\\Silat-New\\app\\helpers.php:3)
[stacktrace]
#0 {main}
"} 
[2025-10-13 20:15:23] local.ERROR: Cannot redeclare active_class() (previously declared in C:\Ussage\VS-Code-Projects\33-Project-Laravel\Silat-New\app\helpers.php:3) {"exception":"[object] (Symfony\\Component\\ErrorHandler\\Error\\FatalError(code: 0): Cannot redeclare active_class() (previously declared in C:\\Ussage\\VS-Code-Projects\\33-Project-Laravel\\Silat-New\\app\\helpers.php:3) at C:\\Ussage\\VS-Code-Projects\\33-Project-Laravel\\Silat-New\\app\\helpers.php:3)
[stacktrace]
#0 {main}
"} 
[2025-10-13 20:16:23] local.ERROR: Cannot redeclare active_class() (previously declared in C:\Ussage\VS-Code-Projects\33-Project-Laravel\Silat-New\app\helpers.php:3) {"exception":"[object] (Symfony\\Component\\ErrorHandler\\Error\\FatalError(code: 0): Cannot redeclare active_class() (previously declared in C:\\Ussage\\VS-Code-Projects\\33-Project-Laravel\\Silat-New\\app\\helpers.php:3) at C:\\Ussage\\VS-Code-Projects\\33-Project-Laravel\\Silat-New\\app\\helpers.php:3)
[stacktrace]
#0 {main}
"} 
[2025-10-13 20:17:23] local.ERROR: Cannot redeclare active_class() (previously declared in C:\Ussage\VS-Code-Projects\33-Project-Laravel\Silat-New\app\helpers.php:3) {"exception":"[object] (Symfony\\Component\\ErrorHandler\\Error\\FatalError(code: 0): Cannot redeclare active_class() (previously declared in C:\\Ussage\\VS-Code-Projects\\33-Project-Laravel\\Silat-New\\app\\helpers.php:3) at C:\\Ussage\\VS-Code-Projects\\33-Project-Laravel\\Silat-New\\app\\helpers.php:3)
[stacktrace]
#0 {main}
"} 
[2025-10-13 20:18:23] local.ERROR: Cannot redeclare active_class() (previously declared in C:\Ussage\VS-Code-Projects\33-Project-Laravel\Silat-New\app\helpers.php:3) {"exception":"[object] (Symfony\\Component\\ErrorHandler\\Error\\FatalError(code: 0): Cannot redeclare active_class() (previously declared in C:\\Ussage\\VS-Code-Projects\\33-Project-Laravel\\Silat-New\\app\\helpers.php:3) at C:\\Ussage\\VS-Code-Projects\\33-Project-Laravel\\Silat-New\\app\\helpers.php:3)
[stacktrace]
#0 {main}
"} 
[2025-10-13 20:19:23] local.ERROR: Cannot redeclare active_class() (previously declared in C:\Ussage\VS-Code-Projects\33-Project-Laravel\Silat-New\app\helpers.php:3) {"exception":"[object] (Symfony\\Component\\ErrorHandler\\Error\\FatalError(code: 0): Cannot redeclare active_class() (previously declared in C:\\Ussage\\VS-Code-Projects\\33-Project-Laravel\\Silat-New\\app\\helpers.php:3) at C:\\Ussage\\VS-Code-Projects\\33-Project-Laravel\\Silat-New\\app\\helpers.php:3)
[stacktrace]
#0 {main}
"} 
[2025-10-13 20:20:23] local.ERROR: Cannot redeclare active_class() (previously declared in C:\Ussage\VS-Code-Projects\33-Project-Laravel\Silat-New\app\helpers.php:3) {"exception":"[object] (Symfony\\Component\\ErrorHandler\\Error\\FatalError(code: 0): Cannot redeclare active_class() (previously declared in C:\\Ussage\\VS-Code-Projects\\33-Project-Laravel\\Silat-New\\app\\helpers.php:3) at C:\\Ussage\\VS-Code-Projects\\33-Project-Laravel\\Silat-New\\app\\helpers.php:3)
[stacktrace]
#0 {main}
"} 
[2025-10-13 20:21:23] local.ERROR: Cannot redeclare active_class() (previously declared in C:\Ussage\VS-Code-Projects\33-Project-Laravel\Silat-New\app\helpers.php:3) {"exception":"[object] (Symfony\\Component\\ErrorHandler\\Error\\FatalError(code: 0): Cannot redeclare active_class() (previously declared in C:\\Ussage\\VS-Code-Projects\\33-Project-Laravel\\Silat-New\\app\\helpers.php:3) at C:\\Ussage\\VS-Code-Projects\\33-Project-Laravel\\Silat-New\\app\\helpers.php:3)
[stacktrace]
#0 {main}
"} 
[2025-10-13 20:22:23] local.ERROR: Cannot redeclare active_class() (previously declared in C:\Ussage\VS-Code-Projects\33-Project-Laravel\Silat-New\app\helpers.php:3) {"exception":"[object] (Symfony\\Component\\ErrorHandler\\Error\\FatalError(code: 0): Cannot redeclare active_class() (previously declared in C:\\Ussage\\VS-Code-Projects\\33-Project-Laravel\\Silat-New\\app\\helpers.php:3) at C:\\Ussage\\VS-Code-Projects\\33-Project-Laravel\\Silat-New\\app\\helpers.php:3)
[stacktrace]
#0 {main}
"} 
[2025-10-13 20:23:23] local.ERROR: Cannot redeclare active_class() (previously declared in C:\Ussage\VS-Code-Projects\33-Project-Laravel\Silat-New\app\helpers.php:3) {"exception":"[object] (Symfony\\Component\\ErrorHandler\\Error\\FatalError(code: 0): Cannot redeclare active_class() (previously declared in C:\\Ussage\\VS-Code-Projects\\33-Project-Laravel\\Silat-New\\app\\helpers.php:3) at C:\\Ussage\\VS-Code-Projects\\33-Project-Laravel\\Silat-New\\app\\helpers.php:3)
[stacktrace]
#0 {main}
"} 
[2025-10-13 20:24:23] local.ERROR: Cannot redeclare active_class() (previously declared in C:\Ussage\VS-Code-Projects\33-Project-Laravel\Silat-New\app\helpers.php:3) {"exception":"[object] (Symfony\\Component\\ErrorHandler\\Error\\FatalError(code: 0): Cannot redeclare active_class() (previously declared in C:\\Ussage\\VS-Code-Projects\\33-Project-Laravel\\Silat-New\\app\\helpers.php:3) at C:\\Ussage\\VS-Code-Projects\\33-Project-Laravel\\Silat-New\\app\\helpers.php:3)
[stacktrace]
#0 {main}
"} 
[2025-10-13 20:25:23] local.ERROR: Cannot redeclare active_class() (previously declared in C:\Ussage\VS-Code-Projects\33-Project-Laravel\Silat-New\app\helpers.php:3) {"exception":"[object] (Symfony\\Component\\ErrorHandler\\Error\\FatalError(code: 0): Cannot redeclare active_class() (previously declared in C:\\Ussage\\VS-Code-Projects\\33-Project-Laravel\\Silat-New\\app\\helpers.php:3) at C:\\Ussage\\VS-Code-Projects\\33-Project-Laravel\\Silat-New\\app\\helpers.php:3)
[stacktrace]
#0 {main}
"} 
[2025-10-13 20:26:23] local.ERROR: Cannot redeclare active_class() (previously declared in C:\Ussage\VS-Code-Projects\33-Project-Laravel\Silat-New\app\helpers.php:3) {"exception":"[object] (Symfony\\Component\\ErrorHandler\\Error\\FatalError(code: 0): Cannot redeclare active_class() (previously declared in C:\\Ussage\\VS-Code-Projects\\33-Project-Laravel\\Silat-New\\app\\helpers.php:3) at C:\\Ussage\\VS-Code-Projects\\33-Project-Laravel\\Silat-New\\app\\helpers.php:3)
[stacktrace]
#0 {main}
"} 
[2025-10-13 20:27:23] local.ERROR: Cannot redeclare active_class() (previously declared in C:\Ussage\VS-Code-Projects\33-Project-Laravel\Silat-New\app\helpers.php:3) {"exception":"[object] (Symfony\\Component\\ErrorHandler\\Error\\FatalError(code: 0): Cannot redeclare active_class() (previously declared in C:\\Ussage\\VS-Code-Projects\\33-Project-Laravel\\Silat-New\\app\\helpers.php:3) at C:\\Ussage\\VS-Code-Projects\\33-Project-Laravel\\Silat-New\\app\\helpers.php:3)
[stacktrace]
#0 {main}
"} 
[2025-10-13 20:28:23] local.ERROR: Cannot redeclare active_class() (previously declared in C:\Ussage\VS-Code-Projects\33-Project-Laravel\Silat-New\app\helpers.php:3) {"exception":"[object] (Symfony\\Component\\ErrorHandler\\Error\\FatalError(code: 0): Cannot redeclare active_class() (previously declared in C:\\Ussage\\VS-Code-Projects\\33-Project-Laravel\\Silat-New\\app\\helpers.php:3) at C:\\Ussage\\VS-Code-Projects\\33-Project-Laravel\\Silat-New\\app\\helpers.php:3)
[stacktrace]
#0 {main}
"} 
[2025-10-13 20:29:23] local.ERROR: Cannot redeclare active_class() (previously declared in C:\Ussage\VS-Code-Projects\33-Project-Laravel\Silat-New\app\helpers.php:3) {"exception":"[object] (Symfony\\Component\\ErrorHandler\\Error\\FatalError(code: 0): Cannot redeclare active_class() (previously declared in C:\\Ussage\\VS-Code-Projects\\33-Project-Laravel\\Silat-New\\app\\helpers.php:3) at C:\\Ussage\\VS-Code-Projects\\33-Project-Laravel\\Silat-New\\app\\helpers.php:3)
[stacktrace]
#0 {main}
"} 
[2025-10-13 20:30:23] local.ERROR: Cannot redeclare active_class() (previously declared in C:\Ussage\VS-Code-Projects\33-Project-Laravel\Silat-New\app\helpers.php:3) {"exception":"[object] (Symfony\\Component\\ErrorHandler\\Error\\FatalError(code: 0): Cannot redeclare active_class() (previously declared in C:\\Ussage\\VS-Code-Projects\\33-Project-Laravel\\Silat-New\\app\\helpers.php:3) at C:\\Ussage\\VS-Code-Projects\\33-Project-Laravel\\Silat-New\\app\\helpers.php:3)
[stacktrace]
#0 {main}
"} 
[2025-10-13 20:31:23] local.ERROR: Cannot redeclare active_class() (previously declared in C:\Ussage\VS-Code-Projects\33-Project-Laravel\Silat-New\app\helpers.php:3) {"exception":"[object] (Symfony\\Component\\ErrorHandler\\Error\\FatalError(code: 0): Cannot redeclare active_class() (previously declared in C:\\Ussage\\VS-Code-Projects\\33-Project-Laravel\\Silat-New\\app\\helpers.php:3) at C:\\Ussage\\VS-Code-Projects\\33-Project-Laravel\\Silat-New\\app\\helpers.php:3)
[stacktrace]
#0 {main}
"} 
[2025-10-13 20:32:24] local.ERROR: Cannot redeclare active_class() (previously declared in C:\Ussage\VS-Code-Projects\33-Project-Laravel\Silat-New\app\helpers.php:3) {"exception":"[object] (Symfony\\Component\\ErrorHandler\\Error\\FatalError(code: 0): Cannot redeclare active_class() (previously declared in C:\\Ussage\\VS-Code-Projects\\33-Project-Laravel\\Silat-New\\app\\helpers.php:3) at C:\\Ussage\\VS-Code-Projects\\33-Project-Laravel\\Silat-New\\app\\helpers.php:3)
[stacktrace]
#0 {main}
"} 
[2025-10-13 20:33:23] local.ERROR: Cannot redeclare active_class() (previously declared in C:\Ussage\VS-Code-Projects\33-Project-Laravel\Silat-New\app\helpers.php:3) {"exception":"[object] (Symfony\\Component\\ErrorHandler\\Error\\FatalError(code: 0): Cannot redeclare active_class() (previously declared in C:\\Ussage\\VS-Code-Projects\\33-Project-Laravel\\Silat-New\\app\\helpers.php:3) at C:\\Ussage\\VS-Code-Projects\\33-Project-Laravel\\Silat-New\\app\\helpers.php:3)
[stacktrace]
#0 {main}
"} 
[2025-10-13 20:34:23] local.ERROR: Cannot redeclare active_class() (previously declared in C:\Ussage\VS-Code-Projects\33-Project-Laravel\Silat-New\app\helpers.php:3) {"exception":"[object] (Symfony\\Component\\ErrorHandler\\Error\\FatalError(code: 0): Cannot redeclare active_class() (previously declared in C:\\Ussage\\VS-Code-Projects\\33-Project-Laravel\\Silat-New\\app\\helpers.php:3) at C:\\Ussage\\VS-Code-Projects\\33-Project-Laravel\\Silat-New\\app\\helpers.php:3)
[stacktrace]
#0 {main}
"} 
[2025-10-13 20:35:23] local.ERROR: Cannot redeclare active_class() (previously declared in C:\Ussage\VS-Code-Projects\33-Project-Laravel\Silat-New\app\helpers.php:3) {"exception":"[object] (Symfony\\Component\\ErrorHandler\\Error\\FatalError(code: 0): Cannot redeclare active_class() (previously declared in C:\\Ussage\\VS-Code-Projects\\33-Project-Laravel\\Silat-New\\app\\helpers.php:3) at C:\\Ussage\\VS-Code-Projects\\33-Project-Laravel\\Silat-New\\app\\helpers.php:3)
[stacktrace]
#0 {main}
"} 
[2025-10-13 20:36:23] local.ERROR: Cannot redeclare active_class() (previously declared in C:\Ussage\VS-Code-Projects\33-Project-Laravel\Silat-New\app\helpers.php:3) {"exception":"[object] (Symfony\\Component\\ErrorHandler\\Error\\FatalError(code: 0): Cannot redeclare active_class() (previously declared in C:\\Ussage\\VS-Code-Projects\\33-Project-Laravel\\Silat-New\\app\\helpers.php:3) at C:\\Ussage\\VS-Code-Projects\\33-Project-Laravel\\Silat-New\\app\\helpers.php:3)
[stacktrace]
#0 {main}
"} 
[2025-10-13 20:37:23] local.ERROR: Cannot redeclare active_class() (previously declared in C:\Ussage\VS-Code-Projects\33-Project-Laravel\Silat-New\app\helpers.php:3) {"exception":"[object] (Symfony\\Component\\ErrorHandler\\Error\\FatalError(code: 0): Cannot redeclare active_class() (previously declared in C:\\Ussage\\VS-Code-Projects\\33-Project-Laravel\\Silat-New\\app\\helpers.php:3) at C:\\Ussage\\VS-Code-Projects\\33-Project-Laravel\\Silat-New\\app\\helpers.php:3)
[stacktrace]
#0 {main}
"} 
[2025-10-13 20:38:23] local.ERROR: Cannot redeclare active_class() (previously declared in C:\Ussage\VS-Code-Projects\33-Project-Laravel\Silat-New\app\helpers.php:3) {"exception":"[object] (Symfony\\Component\\ErrorHandler\\Error\\FatalError(code: 0): Cannot redeclare active_class() (previously declared in C:\\Ussage\\VS-Code-Projects\\33-Project-Laravel\\Silat-New\\app\\helpers.php:3) at C:\\Ussage\\VS-Code-Projects\\33-Project-Laravel\\Silat-New\\app\\helpers.php:3)
[stacktrace]
#0 {main}
"} 
[2025-10-13 20:39:23] local.ERROR: Cannot redeclare active_class() (previously declared in C:\Ussage\VS-Code-Projects\33-Project-Laravel\Silat-New\app\helpers.php:3) {"exception":"[object] (Symfony\\Component\\ErrorHandler\\Error\\FatalError(code: 0): Cannot redeclare active_class() (previously declared in C:\\Ussage\\VS-Code-Projects\\33-Project-Laravel\\Silat-New\\app\\helpers.php:3) at C:\\Ussage\\VS-Code-Projects\\33-Project-Laravel\\Silat-New\\app\\helpers.php:3)
[stacktrace]
#0 {main}
"} 
[2025-10-13 20:40:23] local.ERROR: Cannot redeclare active_class() (previously declared in C:\Ussage\VS-Code-Projects\33-Project-Laravel\Silat-New\app\helpers.php:3) {"exception":"[object] (Symfony\\Component\\ErrorHandler\\Error\\FatalError(code: 0): Cannot redeclare active_class() (previously declared in C:\\Ussage\\VS-Code-Projects\\33-Project-Laravel\\Silat-New\\app\\helpers.php:3) at C:\\Ussage\\VS-Code-Projects\\33-Project-Laravel\\Silat-New\\app\\helpers.php:3)
[stacktrace]
#0 {main}
"} 
[2025-10-13 20:41:23] local.ERROR: Cannot redeclare active_class() (previously declared in C:\Ussage\VS-Code-Projects\33-Project-Laravel\Silat-New\app\helpers.php:3) {"exception":"[object] (Symfony\\Component\\ErrorHandler\\Error\\FatalError(code: 0): Cannot redeclare active_class() (previously declared in C:\\Ussage\\VS-Code-Projects\\33-Project-Laravel\\Silat-New\\app\\helpers.php:3) at C:\\Ussage\\VS-Code-Projects\\33-Project-Laravel\\Silat-New\\app\\helpers.php:3)
[stacktrace]
#0 {main}
"} 
[2025-10-13 20:42:23] local.ERROR: Cannot redeclare active_class() (previously declared in C:\Ussage\VS-Code-Projects\33-Project-Laravel\Silat-New\app\helpers.php:3) {"exception":"[object] (Symfony\\Component\\ErrorHandler\\Error\\FatalError(code: 0): Cannot redeclare active_class() (previously declared in C:\\Ussage\\VS-Code-Projects\\33-Project-Laravel\\Silat-New\\app\\helpers.php:3) at C:\\Ussage\\VS-Code-Projects\\33-Project-Laravel\\Silat-New\\app\\helpers.php:3)
[stacktrace]
#0 {main}
"} 
[2025-10-13 20:43:24] local.ERROR: Cannot redeclare active_class() (previously declared in C:\Ussage\VS-Code-Projects\33-Project-Laravel\Silat-New\app\helpers.php:3) {"exception":"[object] (Symfony\\Component\\ErrorHandler\\Error\\FatalError(code: 0): Cannot redeclare active_class() (previously declared in C:\\Ussage\\VS-Code-Projects\\33-Project-Laravel\\Silat-New\\app\\helpers.php:3) at C:\\Ussage\\VS-Code-Projects\\33-Project-Laravel\\Silat-New\\app\\helpers.php:3)
[stacktrace]
#0 {main}
"} 
[2025-10-13 20:44:24] local.ERROR: Cannot redeclare active_class() (previously declared in C:\Ussage\VS-Code-Projects\33-Project-Laravel\Silat-New\app\helpers.php:3) {"exception":"[object] (Symfony\\Component\\ErrorHandler\\Error\\FatalError(code: 0): Cannot redeclare active_class() (previously declared in C:\\Ussage\\VS-Code-Projects\\33-Project-Laravel\\Silat-New\\app\\helpers.php:3) at C:\\Ussage\\VS-Code-Projects\\33-Project-Laravel\\Silat-New\\app\\helpers.php:3)
[stacktrace]
#0 {main}
"} 
[2025-10-13 20:45:23] local.ERROR: Cannot redeclare active_class() (previously declared in C:\Ussage\VS-Code-Projects\33-Project-Laravel\Silat-New\app\helpers.php:3) {"exception":"[object] (Symfony\\Component\\ErrorHandler\\Error\\FatalError(code: 0): Cannot redeclare active_class() (previously declared in C:\\Ussage\\VS-Code-Projects\\33-Project-Laravel\\Silat-New\\app\\helpers.php:3) at C:\\Ussage\\VS-Code-Projects\\33-Project-Laravel\\Silat-New\\app\\helpers.php:3)
[stacktrace]
#0 {main}
"} 
[2025-10-13 20:46:23] local.ERROR: Cannot redeclare active_class() (previously declared in C:\Ussage\VS-Code-Projects\33-Project-Laravel\Silat-New\app\helpers.php:3) {"exception":"[object] (Symfony\\Component\\ErrorHandler\\Error\\FatalError(code: 0): Cannot redeclare active_class() (previously declared in C:\\Ussage\\VS-Code-Projects\\33-Project-Laravel\\Silat-New\\app\\helpers.php:3) at C:\\Ussage\\VS-Code-Projects\\33-Project-Laravel\\Silat-New\\app\\helpers.php:3)
[stacktrace]
#0 {main}
"} 
[2025-10-13 20:47:23] local.ERROR: Cannot redeclare active_class() (previously declared in C:\Ussage\VS-Code-Projects\33-Project-Laravel\Silat-New\app\helpers.php:3) {"exception":"[object] (Symfony\\Component\\ErrorHandler\\Error\\FatalError(code: 0): Cannot redeclare active_class() (previously declared in C:\\Ussage\\VS-Code-Projects\\33-Project-Laravel\\Silat-New\\app\\helpers.php:3) at C:\\Ussage\\VS-Code-Projects\\33-Project-Laravel\\Silat-New\\app\\helpers.php:3)
[stacktrace]
#0 {main}
"} 
[2025-10-13 20:48:23] local.ERROR: Cannot redeclare active_class() (previously declared in C:\Ussage\VS-Code-Projects\33-Project-Laravel\Silat-New\app\helpers.php:3) {"exception":"[object] (Symfony\\Component\\ErrorHandler\\Error\\FatalError(code: 0): Cannot redeclare active_class() (previously declared in C:\\Ussage\\VS-Code-Projects\\33-Project-Laravel\\Silat-New\\app\\helpers.php:3) at C:\\Ussage\\VS-Code-Projects\\33-Project-Laravel\\Silat-New\\app\\helpers.php:3)
[stacktrace]
#0 {main}
"} 
[2025-10-13 20:49:23] local.ERROR: Cannot redeclare active_class() (previously declared in C:\Ussage\VS-Code-Projects\33-Project-Laravel\Silat-New\app\helpers.php:3) {"exception":"[object] (Symfony\\Component\\ErrorHandler\\Error\\FatalError(code: 0): Cannot redeclare active_class() (previously declared in C:\\Ussage\\VS-Code-Projects\\33-Project-Laravel\\Silat-New\\app\\helpers.php:3) at C:\\Ussage\\VS-Code-Projects\\33-Project-Laravel\\Silat-New\\app\\helpers.php:3)
[stacktrace]
#0 {main}
"} 
